This is pdfTeX, Version 3.14159265-2.6-1.40.20 (TeX Live 2019) (preloaded format=pdflatex 2019.11.9)  27 AUG 2020 13:37
entering extended mode
 restricted \write18 enabled.
 file:line:error style messages enabled.
 %&-line parsing enabled.
**/Users/fkajzer/Projects/uni/master-thesis/latex/questionnaire/questionnaire.tex
(/Users/fkajzer/Projects/uni/master-thesis/latex/questionnaire/questionnaire.tex
LaTeX2e <2018-12-01>
(/usr/local/texlive/2019/texmf-dist/tex/latex/base/article.cls
Document Class: article 2018/09/03 v1.4i Standard LaTeX document class
(/usr/local/texlive/2019/texmf-dist/tex/latex/base/size12.clo
File: size12.clo 2018/09/03 v1.4i Standard LaTeX file (size option)
)
\c@part=\count80
\c@section=\count81
\c@subsection=\count82
\c@subsubsection=\count83
\c@paragraph=\count84
\c@subparagraph=\count85
\c@figure=\count86
\c@table=\count87
\abovecaptionskip=\skip41
\belowcaptionskip=\skip42
\bibindent=\dimen102
) (/usr/local/texlive/2019/texmf-dist/tex/latex/base/inputenc.sty
Package: inputenc 2018/08/11 v1.3c Input encoding file
\inpenc@prehook=\toks14
\inpenc@posthook=\toks15
) (/usr/local/texlive/2019/texmf-dist/tex/latex/tools/array.sty
Package: array 2018/12/30 v2.4k Tabular extension package (FMi)
\col@sep=\dimen103
\ar@mcellbox=\box27
\extrarowheight=\dimen104
\NC@list=\toks16
\extratabsurround=\skip43
\backup@length=\skip44
\ar@cellbox=\box28
) (/usr/local/texlive/2019/texmf-dist/tex/latex/amsfonts/amssymb.sty
Package: amssymb 2013/01/14 v3.01 AMS font symbols
 (/usr/local/texlive/2019/texmf-dist/tex/latex/amsfonts/amsfonts.sty
Package: amsfonts 2013/01/14 v3.01 Basic AMSFonts support
\@emptytoks=\toks17
\symAMSa=\mathgroup4
\symAMSb=\mathgroup5
LaTeX Font Info:    Overwriting math alphabet `\mathfrak' in version `bold'
(Font)                  U/euf/m/n --> U/euf/b/n on input line 106.
)) (/usr/local/texlive/2019/texmf-dist/tex/latex/float/float.sty
Package: float 2001/11/08 v1.3d Float enhancements (AL)
\c@float@type=\count88
\float@exts=\toks18
\float@box=\box29
\@float@everytoks=\toks19
\@floatcapt=\box30
)
\@float@every@table=\toks20
 (/usr/local/texlive/2019/texmf-dist/tex/latex/tools/tabularx.sty
Package: tabularx 2016/02/03 v2.11b `tabularx' package (DPC)
\TX@col@width=\dimen105
\TX@old@table=\dimen106
\TX@old@col=\dimen107
\TX@target=\dimen108
\TX@delta=\dimen109
\TX@cols=\count89
\TX@ftn=\toks21
) (/Users/fkajzer/Projects/uni/master-thesis/latex/questionnaire/questionnaire.aux

LaTeX Warning: Label `Application' multiply defined.

)
\openout1 = `questionnaire.aux'.

LaTeX Font Info:    Checking defaults for OML/cmm/m/it on input line 33.
LaTeX Font Info:    ... okay on input line 33.
LaTeX Font Info:    Checking defaults for T1/cmr/m/n on input line 33.
LaTeX Font Info:    ... okay on input line 33.
LaTeX Font Info:    Checking defaults for OT1/cmr/m/n on input line 33.
LaTeX Font Info:    ... okay on input line 33.
LaTeX Font Info:    Checking defaults for OMS/cmsy/m/n on input line 33.
LaTeX Font Info:    ... okay on input line 33.
LaTeX Font Info:    Checking defaults for OMX/cmex/m/n on input line 33.
LaTeX Font Info:    ... okay on input line 33.
LaTeX Font Info:    Checking defaults for U/cmr/m/n on input line 33.
LaTeX Font Info:    ... okay on input line 33.
\c@rowcntr=\count90
LaTeX Font Info:    Try loading font information for U+msa on input line 45.
 (/usr/local/texlive/2019/texmf-dist/tex/latex/amsfonts/umsa.fd
File: umsa.fd 2013/01/14 v3.01 AMS symbols A
)
LaTeX Font Info:    Try loading font information for U+msb on input line 45.
 (/usr/local/texlive/2019/texmf-dist/tex/latex/amsfonts/umsb.fd
File: umsb.fd 2013/01/14 v3.01 AMS symbols B
)
Overfull \hbox (15.59738pt too wide) in paragraph at lines 46--47
 []$$[]$| 
 []


Overfull \hbox (11.32344pt too wide) in paragraph at lines 47--48
 []| 
 []


Overfull \hbox (11.32344pt too wide) in paragraph at lines 48--49
 []| 
 []


Overfull \hbox (11.32344pt too wide) in paragraph at lines 49--50
 []| 
 []


Overfull \hbox (11.32344pt too wide) in paragraph at lines 50--51
 []| 
 []


Overfull \hbox (11.32344pt too wide) in paragraph at lines 51--52
 []| 
 []


Overfull \hbox (11.32344pt too wide) in paragraph at lines 52--53
 []| 
 []


Overfull \hbox (11.32344pt too wide) in paragraph at lines 53--54
 []| 
 []


Overfull \hbox (11.32344pt too wide) in paragraph at lines 54--55
 []| 
 []


Overfull \hbox (11.32344pt too wide) in paragraph at lines 55--56
 []| 
 []


Overfull \hbox (11.32344pt too wide) in paragraph at lines 56--57
 []| 
 []


Overfull \hbox (11.32344pt too wide) in paragraph at lines 57--58
 []| 
 []


Overfull \hbox (11.32344pt too wide) in paragraph at lines 58--59
 []| 
 []


Overfull \hbox (25.45631pt too wide) in paragraph at lines 43--61
 [][] 
 []

[1

{/usr/local/texlive/2019/texmf-var/fonts/map/pdftex/updmap/pdftex.map}]
Overfull \hbox (70.72519pt too wide) in paragraph at lines 71--72
 []| 
 []


Overfull \hbox (70.72519pt too wide) in paragraph at lines 72--73
 []| 
 []


Overfull \hbox (70.72519pt too wide) in paragraph at lines 73--74
 []| 
 []


Overfull \hbox (70.72519pt too wide) in paragraph at lines 74--75
 []| 
 []


Overfull \hbox (70.72519pt too wide) in paragraph at lines 75--76
 []| 
 []


Overfull \hbox (70.72519pt too wide) in paragraph at lines 76--77
 []| 
 []


Overfull \hbox (70.72519pt too wide) in paragraph at lines 77--78
 []| 
 []


Overfull \hbox (70.72519pt too wide) in paragraph at lines 78--79
 []| 
 []


Overfull \hbox (70.72519pt too wide) in paragraph at lines 79--80
 []| 
 []


Overfull \hbox (70.72519pt too wide) in paragraph at lines 80--81
 []| 
 []


Overfull \hbox (70.72519pt too wide) in paragraph at lines 81--82
 []| 
 []


Overfull \hbox (70.72519pt too wide) in paragraph at lines 82--83
 []| 
 []


Overfull \hbox (70.72519pt too wide) in paragraph at lines 83--84
 []| 
 []


Overfull \hbox (70.72519pt too wide) in paragraph at lines 84--85
 []| 
 []


Overfull \hbox (70.72519pt too wide) in paragraph at lines 85--86
 []| 
 []


Overfull \hbox (70.72519pt too wide) in paragraph at lines 86--87
 []| 
 []


Overfull \vbox (76.96545pt too high) has occurred while \output is active []

 [2]
Overfull \hbox (70.72519pt too wide) in paragraph at lines 98--99
 []| 
 []


Overfull \hbox (70.72519pt too wide) in paragraph at lines 99--100
 []| 
 []


Overfull \hbox (70.72519pt too wide) in paragraph at lines 100--101
 []| 
 []


Overfull \hbox (70.72519pt too wide) in paragraph at lines 101--102
 []| 
 []


Overfull \hbox (70.72519pt too wide) in paragraph at lines 102--103
 []| 
 []


Overfull \hbox (70.72519pt too wide) in paragraph at lines 103--104
 []| 
 []


Overfull \hbox (70.72519pt too wide) in paragraph at lines 104--105
 []| 
 []


Overfull \hbox (70.72519pt too wide) in paragraph at lines 105--106
 []| 
 []


Overfull \hbox (70.72519pt too wide) in paragraph at lines 106--107
 []| 
 []


Overfull \hbox (70.72519pt too wide) in paragraph at lines 107--108
 []| 
 []


Overfull \hbox (70.72519pt too wide) in paragraph at lines 108--109
 []| 
 []


Overfull \hbox (70.72519pt too wide) in paragraph at lines 109--110
 []| 
 []


Overfull \hbox (70.72519pt too wide) in paragraph at lines 110--111
 []| 
 []


Overfull \hbox (70.72519pt too wide) in paragraph at lines 111--112
 []| 
 []


Overfull \hbox (70.72519pt too wide) in paragraph at lines 112--113
 []| 
 []


Overfull \hbox (70.72519pt too wide) in paragraph at lines 113--114
 []| 
 []


Overfull \vbox (76.96545pt too high) has occurred while \output is active []

 [3]
Overfull \hbox (15.59738pt too wide) in paragraph at lines 124--125
 []$$[]$| 
 []


Overfull \hbox (11.32344pt too wide) in paragraph at lines 125--126
 []| 
 []


Overfull \hbox (11.32344pt too wide) in paragraph at lines 126--127
 []| 
 []


Overfull \hbox (11.32344pt too wide) in paragraph at lines 127--128
 []| 
 []


Overfull \hbox (11.32344pt too wide) in paragraph at lines 128--129
 []| 
 []


Overfull \hbox (11.32344pt too wide) in paragraph at lines 129--130
 []| 
 []


Overfull \hbox (11.32344pt too wide) in paragraph at lines 130--131
 []| 
 []


Overfull \hbox (11.32344pt too wide) in paragraph at lines 131--132
 []| 
 []


Overfull \hbox (11.32344pt too wide) in paragraph at lines 132--133
 []| 
 []


Overfull \hbox (11.32344pt too wide) in paragraph at lines 133--134
 []| 
 []


Overfull \hbox (11.32344pt too wide) in paragraph at lines 134--135
 []| 
 []


Overfull \hbox (11.32344pt too wide) in paragraph at lines 135--136
 []| 
 []


Overfull \hbox (11.32344pt too wide) in paragraph at lines 136--137
 []| 
 []


Overfull \hbox (11.32344pt too wide) in paragraph at lines 137--138
 []| 
 []


Overfull \hbox (11.32344pt too wide) in paragraph at lines 138--139
 []| 
 []


Overfull \hbox (25.45631pt too wide) in paragraph at lines 121--140
 [][] 
 []


Overfull \vbox (37.80455pt too high) has occurred while \output is active []

 [4]
Overfull \hbox (15.59738pt too wide) in paragraph at lines 149--150
 []$$[]$| 
 []


Overfull \hbox (11.32344pt too wide) in paragraph at lines 150--151
 []| 
 []


Overfull \hbox (11.32344pt too wide) in paragraph at lines 151--152
 []| 
 []


Overfull \hbox (11.32344pt too wide) in paragraph at lines 152--153
 []| 
 []


Overfull \hbox (11.32344pt too wide) in paragraph at lines 153--154
 []| 
 []


Overfull \hbox (11.32344pt too wide) in paragraph at lines 154--155
 []| 
 []


Overfull \hbox (11.32344pt too wide) in paragraph at lines 155--156
 []| 
 []


Overfull \hbox (25.45631pt too wide) in paragraph at lines 146--157
 [][] 
 []


Overfull \hbox (6.79999pt too wide) in paragraph at lines 159--166
[] 
 []


Overfull \hbox (6.79999pt too wide) in paragraph at lines 167--174
[] 
 []


Overfull \hbox (6.79999pt too wide) in paragraph at lines 175--180
[] 
 []

[5] (/Users/fkajzer/Projects/uni/master-thesis/latex/questionnaire/questionnaire.aux)

LaTeX Warning: There were multiply-defined labels.

 ) 
Here is how much of TeX's memory you used:
 733 strings out of 492616
 9143 string characters out of 6129481
 75878 words of memory out of 5000000
 4693 multiletter control sequences out of 15000+600000
 10599 words of font info for 42 fonts, out of 8000000 for 9000
 1141 hyphenation exceptions out of 8191
 25i,15n,27p,268b,299s stack positions out of 5000i,500n,10000p,200000b,80000s
</usr/local/texlive/2019/texmf-dist/fonts/type1/public/amsfonts/cm/cmbx10.pfb></usr/local/texlive/2019/texmf-dist/fonts/type1/public/amsfonts/cm/cmbx12.pfb></usr/local/texlive/2019/texmf-dist/fonts/type1/public/amsfonts/cm/cmr12.pfb>
Output written on /Users/fkajzer/Projects/uni/master-thesis/latex/questionnaire/questionnaire.pdf (5 pages, 49766 bytes).
PDF statistics:
 32 PDF objects out of 1000 (max. 8388607)
 21 compressed objects within 1 object stream
 0 named destinations out of 1000 (max. 500000)
 1 words of extra memory for PDF output out of 10000 (max. 10000000)

