This is pdfTeX, Version 3.14159265-2.6-1.40.20 (TeX Live 2019) (preloaded format=pdflatex 2019.11.9)  6 SEP 2020 20:16
entering extended mode
 restricted \write18 enabled.
 file:line:error style messages enabled.
 %&-line parsing enabled.
**/Users/fkajzer/Projects/uni/master-thesis/latex/thesis/Thesis.tex
(/Users/fkajzer/Projects/uni/master-thesis/latex/thesis/Thesis.tex
LaTeX2e <2018-12-01>
(/Users/fkajzer/Projects/uni/master-thesis/latex/thesis/VRThesis.cls
Document Class: VRThesis 2006/01/27 RWTH Aachen University
(/usr/local/texlive/2019/texmf-dist/tex/latex/koma-script/scrbook.cls
Document Class: scrbook 2019/02/01 v3.26b KOMA-Script document class (book)
(/usr/local/texlive/2019/texmf-dist/tex/latex/koma-script/scrkbase.sty
Package: scrkbase 2019/02/01 v3.26b KOMA-Script package (KOMA-Script-dependent basics and keyval usage)
 (/usr/local/texlive/2019/texmf-dist/tex/latex/koma-script/scrbase.sty
Package: scrbase 2019/02/01 v3.26b KOMA-Script package (KOMA-Script-independent basics and keyval usage)
 (/usr/local/texlive/2019/texmf-dist/tex/latex/graphics/keyval.sty
Package: keyval 2014/10/28 v1.15 key=value parser (DPC)
\KV@toks@=\toks14
) (/usr/local/texlive/2019/texmf-dist/tex/latex/koma-script/scrlfile.sty
Package: scrlfile 2019/02/01 v3.26b KOMA-Script package (loading files)
))) (/usr/local/texlive/2019/texmf-dist/tex/latex/koma-script/tocbasic.sty
Package: tocbasic 2019/02/01 v3.26b KOMA-Script package (handling toc-files)
\scr@dte@tocline@numberwidth=\skip41
\scr@dte@tocline@numbox=\box27
)
Package tocbasic Info: omitting babel extension for `toc'
(tocbasic)             because of feature `nobabel' available
(tocbasic)             for `toc' on input line 136.
 (/usr/local/texlive/2019/texmf-dist/tex/latex/base/fleqn.clo
File: fleqn.clo 2016/12/29 v1.2b Standard LaTeX option (flush left equations)
\mathindent=\dimen102
Applying: [2015/01/01] Make \[ robust on input line 50.
LaTeX Info: Redefining \[ on input line 51.
Already applied: [0000/00/00] Make \[ robust on input line 62.
Applying: [2015/01/01] Make \] robust on input line 74.
LaTeX Info: Redefining \] on input line 75.
Already applied: [0000/00/00] Make \] robust on input line 83.
)
Package scrbook Info: You've used standard option `12pt'.
(scrbook)             This is correct!
(scrbook)             Internally I'm using `fontsize=12pt'.
(scrbook)             If you'd like to set the option with \KOMAoptions,
(scrbook)             you'd have to use `fontsize=12pt' there
(scrbook)             instead of `12pt', too.
Class scrbook Info: File `scrsize12pt.clo' used to setup font sizes on input line 2376.
 (/usr/local/texlive/2019/texmf-dist/tex/latex/koma-script/scrsize12pt.clo
File: scrsize12pt.clo 2019/02/01 v3.26b KOMA-Script font size class option (12pt)
) (/usr/local/texlive/2019/texmf-dist/tex/latex/koma-script/typearea.sty
Package: typearea 2019/02/01 v3.26b KOMA-Script package (type area)
\ta@bcor=\skip42
\ta@div=\count80
\ta@hblk=\skip43
\ta@vblk=\skip44
\ta@temp=\skip45
\footheight=\skip46
Package typearea Info: These are the values describing the layout:
(typearea)             DIV  = 12
(typearea)             BCOR = 0.0pt
(typearea)             \paperwidth      = 597.50793pt
(typearea)              \textwidth      = 448.13095pt
(typearea)              DIV departure   = -6%
(typearea)              \evensidemargin = 27.31467pt
(typearea)              \oddsidemargin  = -22.47766pt
(typearea)             \paperheight     = 845.04694pt
(typearea)              \textheight     = 635.5pt
(typearea)              \topmargin      = -41.72441pt
(typearea)              \headheight     = 18.125pt
(typearea)              \headsep        = 21.75pt
(typearea)              \topskip        = 12.0pt
(typearea)              \footskip       = 50.75pt
(typearea)              \baselineskip   = 14.5pt
(typearea)              on input line 1715.
)
\c@part=\count81
\c@chapter=\count82
\c@section=\count83
\c@subsection=\count84
\c@subsubsection=\count85
\c@paragraph=\count86
\c@subparagraph=\count87
\scr@dte@chapter@maxnumwidth=\skip47
Class scrbook Info: using compatibility default `afterindent=bysign'
(scrbook)           for `\chapter on input line 5303.
\scr@dte@section@maxnumwidth=\skip48
Class scrbook Info: using compatibility default `runin=bysign'
(scrbook)           for `\section on input line 5313.
Class scrbook Info: using compatibility default `afterindent=bysign'
(scrbook)           for `\section on input line 5313.
\scr@dte@part@maxnumwidth=\skip49
Class scrbook Info: using compatibility default `afterindent=true'
(scrbook)           for `\part on input line 5322.
\scr@dte@subsection@maxnumwidth=\skip50
Class scrbook Info: using compatibility default `runin=bysign'
(scrbook)           for `\subsection on input line 5332.
Class scrbook Info: using compatibility default `afterindent=bysign'
(scrbook)           for `\subsection on input line 5332.
\scr@dte@subsubsection@maxnumwidth=\skip51
Class scrbook Info: using compatibility default `runin=bysign'
(scrbook)           for `\subsubsection on input line 5342.
Class scrbook Info: using compatibility default `afterindent=bysign'
(scrbook)           for `\subsubsection on input line 5342.
\scr@dte@paragraph@maxnumwidth=\skip52
Class scrbook Info: using compatibility default `runin=bysign'
(scrbook)           for `\paragraph on input line 5352.
Class scrbook Info: using compatibility default `afterindent=bysign'
(scrbook)           for `\paragraph on input line 5352.
\scr@dte@subparagraph@maxnumwidth=\skip53
Class scrbook Info: using compatibility default `runin=bysign'
(scrbook)           for `\subparagraph on input line 5362.
Class scrbook Info: using compatibility default `afterindent=bysign'
(scrbook)           for `\subparagraph on input line 5362.
\abovecaptionskip=\skip54
\belowcaptionskip=\skip55
\c@pti@nb@sid@b@x=\box28
Package tocbasic Info: omitting babel extension for `lof'
(tocbasic)             because of feature `nobabel' available
(tocbasic)             for `lof' on input line 6617.
\scr@dte@figure@maxnumwidth=\skip56
\c@figure=\count88
Package tocbasic Info: omitting babel extension for `lot'
(tocbasic)             because of feature `nobabel' available
(tocbasic)             for `lot' on input line 6638.
\scr@dte@table@maxnumwidth=\skip57
\c@table=\count89
Class scrbook Info: Redefining `\numberline' on input line 6811.
\bibindent=\dimen103
) (/usr/local/texlive/2019/texmf-dist/tex/latex/amsmath/amsmath.sty
Package: amsmath 2018/12/01 v2.17b AMS math features
\@mathmargin=\skip58

For additional information on amsmath, use the `?' option.
(/usr/local/texlive/2019/texmf-dist/tex/latex/amsmath/amstext.sty
Package: amstext 2000/06/29 v2.01 AMS text
 (/usr/local/texlive/2019/texmf-dist/tex/latex/amsmath/amsgen.sty
File: amsgen.sty 1999/11/30 v2.0 generic functions
\@emptytoks=\toks15
\ex@=\dimen104
)) (/usr/local/texlive/2019/texmf-dist/tex/latex/amsmath/amsbsy.sty
Package: amsbsy 1999/11/29 v1.2d Bold Symbols
\pmbraise@=\dimen105
) (/usr/local/texlive/2019/texmf-dist/tex/latex/amsmath/amsopn.sty
Package: amsopn 2016/03/08 v2.02 operator names
)
\inf@bad=\count90
LaTeX Info: Redefining \frac on input line 223.
\uproot@=\count91
\leftroot@=\count92
LaTeX Info: Redefining \overline on input line 385.
\classnum@=\count93
\DOTSCASE@=\count94
LaTeX Info: Redefining \ldots on input line 482.
LaTeX Info: Redefining \dots on input line 485.
LaTeX Info: Redefining \cdots on input line 606.
\Mathstrutbox@=\box29
\strutbox@=\box30
\big@size=\dimen106
LaTeX Font Info:    Redeclaring font encoding OML on input line 729.
LaTeX Font Info:    Redeclaring font encoding OMS on input line 730.
\macc@depth=\count95
\c@MaxMatrixCols=\count96
\dotsspace@=\muskip10
\c@parentequation=\count97
\dspbrk@lvl=\count98
\tag@help=\toks16
\row@=\count99
\column@=\count100
\maxfields@=\count101
\andhelp@=\toks17
\eqnshift@=\dimen107
\alignsep@=\dimen108
\tagshift@=\dimen109
\tagwidth@=\dimen110
\totwidth@=\dimen111
\lineht@=\dimen112
\@envbody=\toks18
\multlinegap=\skip59
\multlinetaggap=\skip60
\mathdisplay@stack=\toks19
LaTeX Info: Redefining \[ on input line 2844.
LaTeX Info: Redefining \] on input line 2845.
) (/usr/local/texlive/2019/texmf-dist/tex/latex/amsfonts/amssymb.sty
Package: amssymb 2013/01/14 v3.01 AMS font symbols
 (/usr/local/texlive/2019/texmf-dist/tex/latex/amsfonts/amsfonts.sty
Package: amsfonts 2013/01/14 v3.01 Basic AMSFonts support
\symAMSa=\mathgroup4
\symAMSb=\mathgroup5
LaTeX Font Info:    Overwriting math alphabet `\mathfrak' in version `bold'
(Font)                  U/euf/m/n --> U/euf/b/n on input line 106.
)) (/usr/local/texlive/2019/texmf-dist/tex/latex/base/ifthen.sty
Package: ifthen 2014/09/29 v1.1c Standard LaTeX ifthen package (DPC)
) (/usr/local/texlive/2019/texmf-dist/tex/latex/tools/calc.sty
Package: calc 2017/05/25 v4.3 Infix arithmetic (KKT,FJ)
\calc@Acount=\count102
\calc@Bcount=\count103
\calc@Adimen=\dimen113
\calc@Bdimen=\dimen114
\calc@Askip=\skip61
\calc@Bskip=\skip62
LaTeX Info: Redefining \setlength on input line 80.
LaTeX Info: Redefining \addtolength on input line 81.
\calc@Ccount=\count104
\calc@Cskip=\skip63
) (/usr/local/texlive/2019/texmf-dist/tex/latex/psnfss/helvet.sty
Package: helvet 2005/04/12 PSNFSS-v9.2a (WaS) 
) (/usr/local/texlive/2019/texmf-dist/tex/latex/psnfss/courier.sty
Package: courier 2005/04/12 PSNFSS-v9.2a (WaS) 
) (/usr/local/texlive/2019/texmf-dist/tex/latex/tools/array.sty
Package: array 2018/12/30 v2.4k Tabular extension package (FMi)
\col@sep=\dimen115
\ar@mcellbox=\box31
\extrarowheight=\dimen116
\NC@list=\toks20
\extratabsurround=\skip64
\backup@length=\skip65
\ar@cellbox=\box32
) (/usr/local/texlive/2019/texmf-dist/tex/latex/graphics/graphicx.sty
Package: graphicx 2017/06/01 v1.1a Enhanced LaTeX Graphics (DPC,SPQR)
 (/usr/local/texlive/2019/texmf-dist/tex/latex/graphics/graphics.sty
Package: graphics 2017/06/25 v1.2c Standard LaTeX Graphics (DPC,SPQR)
 (/usr/local/texlive/2019/texmf-dist/tex/latex/graphics/trig.sty
Package: trig 2016/01/03 v1.10 sin cos tan (DPC)
) (/usr/local/texlive/2019/texmf-dist/tex/latex/graphics-cfg/graphics.cfg
File: graphics.cfg 2016/06/04 v1.11 sample graphics configuration
)
Package graphics Info: Driver file: dvips.def on input line 99.
 (/usr/local/texlive/2019/texmf-dist/tex/latex/graphics-def/dvips.def
File: dvips.def 2017/06/20 v3.1d Graphics/color driver for dvips
))
\Gin@req@height=\dimen117
\Gin@req@width=\dimen118
)

Class scrbook Warning: Usage of package `fancyhdr' together
(scrbook)              with a KOMA-Script class is not recommended.
(scrbook)              I'd suggest to use 
(scrbook)              package `scrlayer' or `scrlayer-scrpage', because
(scrbook)              they support KOMA-Script classes.
(scrbook)              With `fancyhdr' several features of class `scrbook'
(scrbook)              like options `headsepline', `footsepline' or command
(scrbook)              `\MakeMarkcase' and the commands `\setkomafont' and
(scrbook)              `\addtokomafont' for the page style elements need
(scrbook)              explicite user intervention to work.
(scrbook)              Nevertheless, using requested
(scrbook)              package `fancyhdr' on input line 53.

(/usr/local/texlive/2019/texmf-dist/tex/latex/fancyhdr/fancyhdr.sty
Package: fancyhdr 2019/01/31 v3.10 Extensive control of page headers and footers
\f@nch@headwidth=\skip66
\f@nch@O@elh=\skip67
\f@nch@O@erh=\skip68
\f@nch@O@olh=\skip69
\f@nch@O@orh=\skip70
\f@nch@O@elf=\skip71
\f@nch@O@erf=\skip72
\f@nch@O@olf=\skip73
\f@nch@O@orf=\skip74
) (/Users/fkajzer/Projects/uni/master-thesis/latex/thesis/hangcaption.sty
\captionwidth=\skip75
) (/usr/local/texlive/2019/texmf-dist/tex/latex/base/makeidx.sty
Package: makeidx 2014/09/29 v1.0m Standard LaTeX package
) (/usr/local/texlive/2019/texmf-dist/tex/latex/caption/caption.sty
Package: caption 2018/10/06 v3.3-154 Customizing captions (AR)
 (/usr/local/texlive/2019/texmf-dist/tex/latex/caption/caption3.sty
Package: caption3 2018/09/12 v1.8c caption3 kernel (AR)
Package caption3 Info: TeX engine: e-TeX on input line 64.
\captionmargin=\dimen119
\captionmargin@=\dimen120
\captionwidth=\dimen121
\caption@tempdima=\dimen122
\caption@indent=\dimen123
\caption@parindent=\dimen124
\caption@hangindent=\dimen125
)
Package caption Info: KOMA-Script document class.
\c@caption@flags=\count105
\c@ContinuedFloat=\count106
) (/usr/local/texlive/2019/texmf-dist/tex/latex/varwidth/varwidth.sty
Package: varwidth 2009/03/30 ver 0.92;  Variable-width minipages
\@vwid@box=\box33
\sift@deathcycles=\count107
\@vwid@loff=\dimen126
\@vwid@roff=\dimen127
) (/usr/local/texlive/2019/texmf-dist/tex/latex/graphics/color.sty
Package: color 2016/07/10 v1.1e Standard LaTeX Color (DPC)
 (/usr/local/texlive/2019/texmf-dist/tex/latex/graphics-cfg/color.cfg
File: color.cfg 2016/01/02 v1.6 sample color configuration
)
Package color Info: Driver file: pdftex.def on input line 147.
 (/usr/local/texlive/2019/texmf-dist/tex/latex/graphics-def/pdftex.def
File: pdftex.def 2018/01/08 v1.0l Graphics/color driver for pdftex
)) (/usr/local/texlive/2019/texmf-dist/tex/latex/psfrag/psfrag.sty
Package: psfrag 1998/04/11 v3.04 PSfrag (MCG)
\pfg@pcount=\count108
\pfg@scount=\count109
\pfg@temp=\write3
) (/usr/local/texlive/2019/texmf-dist/tex/latex/amscls/amsthm.sty
Package: amsthm 2017/10/31 v2.20.4
\thm@style=\toks21
\thm@bodyfont=\toks22
\thm@headfont=\toks23
\thm@notefont=\toks24
\thm@headpunct=\toks25
\thm@preskip=\skip76
\thm@postskip=\skip77
\thm@headsep=\skip78
\dth@everypar=\toks26
) (/usr/local/texlive/2019/texmf-dist/tex/latex/fancyref/fancyref.sty
Package: fancyref 1999/02/03 v0.9c Fancy cross-referencing
 (/usr/local/texlive/2019/texmf-dist/tex/latex/tools/varioref.sty
Package: varioref 2016/02/16 v1.5c package for extended references (FMi)
\c@vrcnt=\count110
))
\c@radius=\count111
\c@diameter=\count112
\c@linestart=\count113
\c@lineend=\count114
\@wchapnum=\skip79
\@wchaptitle=\skip80
\@chaptitle=\box34
\@maxtitlewidth=\skip81
\@wquad=\skip82
\c@beweis=\count115
) (/usr/local/texlive/2019/texmf-dist/tex/latex/url/url.sty
\Urlmuskip=\muskip11
Package: url 2013/09/16  ver 3.4  Verb mode for urls, etc.
) (/usr/local/texlive/2019/texmf-dist/tex/latex/biblatex/biblatex.sty
Package: biblatex 2018/11/02 v3.12 programmable bibliographies (PK/MW)
 (/usr/local/texlive/2019/texmf-dist/tex/generic/oberdiek/pdftexcmds.sty
Package: pdftexcmds 2018/09/10 v0.29 Utility functions of pdfTeX for LuaTeX (HO)
 (/usr/local/texlive/2019/texmf-dist/tex/generic/oberdiek/infwarerr.sty
Package: infwarerr 2016/05/16 v1.4 Providing info/warning/error messages (HO)
) (/usr/local/texlive/2019/texmf-dist/tex/generic/oberdiek/ifluatex.sty
Package: ifluatex 2016/05/16 v1.4 Provides the ifluatex switch (HO)
Package ifluatex Info: LuaTeX not detected.
) (/usr/local/texlive/2019/texmf-dist/tex/generic/oberdiek/ltxcmds.sty
Package: ltxcmds 2016/05/16 v1.23 LaTeX kernel commands for general use (HO)
) (/usr/local/texlive/2019/texmf-dist/tex/generic/oberdiek/ifpdf.sty
Package: ifpdf 2018/09/07 v3.3 Provides the ifpdf switch
)
Package pdftexcmds Info: LuaTeX not detected.
Package pdftexcmds Info: \pdf@primitive is available.
Package pdftexcmds Info: \pdf@ifprimitive is available.
Package pdftexcmds Info: \pdfdraftmode found.
) (/usr/local/texlive/2019/texmf-dist/tex/latex/etoolbox/etoolbox.sty
Package: etoolbox 2018/08/19 v2.5f e-TeX tools for LaTeX (JAW)
\etb@tempcnta=\count116
) (/usr/local/texlive/2019/texmf-dist/tex/latex/oberdiek/kvoptions.sty
Package: kvoptions 2016/05/16 v3.12 Key value format for package options (HO)
 (/usr/local/texlive/2019/texmf-dist/tex/generic/oberdiek/kvsetkeys.sty
Package: kvsetkeys 2016/05/16 v1.17 Key value parser (HO)
 (/usr/local/texlive/2019/texmf-dist/tex/generic/oberdiek/etexcmds.sty
Package: etexcmds 2016/05/16 v1.6 Avoid name clashes with e-TeX commands (HO)
))) (/usr/local/texlive/2019/texmf-dist/tex/latex/logreq/logreq.sty
Package: logreq 2010/08/04 v1.0 xml request logger
\lrq@indent=\count117
 (/usr/local/texlive/2019/texmf-dist/tex/latex/logreq/logreq.def
File: logreq.def 2010/08/04 v1.0 logreq spec v1.0
))
\c@tabx@nest=\count118
\c@listtotal=\count119
\c@listcount=\count120
\c@liststart=\count121
\c@liststop=\count122
\c@citecount=\count123
\c@citetotal=\count124
\c@multicitecount=\count125
\c@multicitetotal=\count126
\c@instcount=\count127
\c@maxnames=\count128
\c@minnames=\count129
\c@maxitems=\count130
\c@minitems=\count131
\c@citecounter=\count132
\c@maxcitecounter=\count133
\c@savedcitecounter=\count134
\c@uniquelist=\count135
\c@uniquename=\count136
\c@refsection=\count137
\c@refsegment=\count138
\c@maxextratitle=\count139
\c@maxextratitleyear=\count140
\c@maxextraname=\count141
\c@maxextradate=\count142
\c@maxextraalpha=\count143
\c@abbrvpenalty=\count144
\c@highnamepenalty=\count145
\c@lownamepenalty=\count146
\c@maxparens=\count147
\c@parenlevel=\count148
\blx@tempcnta=\count149
\blx@tempcntb=\count150
\blx@tempcntc=\count151
\blx@maxsection=\count152
\blx@maxsegment@0=\count153
\blx@notetype=\count154
\blx@parenlevel@text=\count155
\blx@parenlevel@foot=\count156
\blx@sectionciteorder@0=\count157
\blx@entrysetcounter=\count158
\labelnumberwidth=\skip83
\labelalphawidth=\skip84
\biblabelsep=\skip85
\bibitemsep=\skip86
\bibnamesep=\skip87
\bibinitsep=\skip88
\bibparsep=\skip89
\bibhang=\skip90
\blx@bcfin=\read1
\blx@bcfout=\write4
\c@mincomprange=\count159
\c@maxcomprange=\count160
\c@mincompwidth=\count161
Package biblatex Info: Trying to load biblatex default data model...
Package biblatex Info: ... file 'blx-dm.def' found.
 (/usr/local/texlive/2019/texmf-dist/tex/latex/biblatex/blx-dm.def
File: blx-dm.def 2018/11/02 v3.12 biblatex localization (PK/MW)
)
Package biblatex Info: Trying to load biblatex style data model...
Package biblatex Info: ... file 'numeric.dbx' not found.
Package biblatex Info: Trying to load biblatex custom data model...
Package biblatex Info: ... file 'biblatex-dm.cfg' not found.
\c@afterword=\count162
\c@savedafterword=\count163
\c@annotator=\count164
\c@savedannotator=\count165
\c@author=\count166
\c@savedauthor=\count167
\c@bookauthor=\count168
\c@savedbookauthor=\count169
\c@commentator=\count170
\c@savedcommentator=\count171
\c@editor=\count172
\c@savededitor=\count173
\c@editora=\count174
\c@savededitora=\count175
\c@editorb=\count176
\c@savededitorb=\count177
\c@editorc=\count178
\c@savededitorc=\count179
\c@foreword=\count180
\c@savedforeword=\count181
\c@holder=\count182
\c@savedholder=\count183
\c@introduction=\count184
\c@savedintroduction=\count185
\c@namea=\count186
\c@savednamea=\count187
\c@nameb=\count188
\c@savednameb=\count189
\c@namec=\count190
\c@savednamec=\count191
\c@translator=\count192
\c@savedtranslator=\count193
\c@shortauthor=\count194
\c@savedshortauthor=\count195
\c@shorteditor=\count196
\c@savedshorteditor=\count197
\c@labelname=\count198
\c@savedlabelname=\count199
\c@institution=\count266
\c@savedinstitution=\count267
\c@lista=\count268
\c@savedlista=\count269
\c@listb=\count270
\c@savedlistb=\count271
\c@listc=\count272
\c@savedlistc=\count273
\c@listd=\count274
\c@savedlistd=\count275
\c@liste=\count276
\c@savedliste=\count277
\c@listf=\count278
\c@savedlistf=\count279
\c@location=\count280
\c@savedlocation=\count281
\c@organization=\count282
\c@savedorganization=\count283
\c@origlocation=\count284
\c@savedoriglocation=\count285
\c@origpublisher=\count286
\c@savedorigpublisher=\count287
\c@publisher=\count288
\c@savedpublisher=\count289
\c@language=\count290
\c@savedlanguage=\count291
\c@origlanguage=\count292
\c@savedoriglanguage=\count293
\c@pageref=\count294
\c@savedpageref=\count295
\shorthandwidth=\skip91
\shortjournalwidth=\skip92
\shortserieswidth=\skip93
\shorttitlewidth=\skip94
\shortauthorwidth=\skip95
\shorteditorwidth=\skip96
\locallabelnumberwidth=\skip97
\locallabelalphawidth=\skip98
\localshorthandwidth=\skip99
\localshortjournalwidth=\skip100
\localshortserieswidth=\skip101
\localshorttitlewidth=\skip102
\localshortauthorwidth=\skip103
\localshorteditorwidth=\skip104
Package biblatex Info: Trying to load compatibility code...
Package biblatex Info: ... file 'blx-compat.def' found.
 (/usr/local/texlive/2019/texmf-dist/tex/latex/biblatex/blx-compat.def
File: blx-compat.def 2018/11/02 v3.12 biblatex compatibility (PK/MW)
)
Package biblatex Info: Trying to load generic definitions...
Package biblatex Info: ... file 'biblatex.def' found.
 (/usr/local/texlive/2019/texmf-dist/tex/latex/biblatex/biblatex.def
File: biblatex.def 2018/11/02 v3.12 biblatex compatibility (PK/MW)
\c@textcitecount=\count296
\c@textcitetotal=\count297
\c@textcitemaxnames=\count298
\c@biburlnumpenalty=\count299
\c@biburlucpenalty=\count300
\c@biburllcpenalty=\count301
\c@smartand=\count302
)
Package biblatex Info: Trying to load bibliography style 'numeric'...
Package biblatex Info: ... file 'numeric.bbx' found.
 (/usr/local/texlive/2019/texmf-dist/tex/latex/biblatex/bbx/numeric.bbx
File: numeric.bbx 2018/11/02 v3.12 biblatex bibliography style (PK/MW)
Package biblatex Info: Trying to load bibliography style 'standard'...
Package biblatex Info: ... file 'standard.bbx' found.
 (/usr/local/texlive/2019/texmf-dist/tex/latex/biblatex/bbx/standard.bbx
File: standard.bbx 2018/11/02 v3.12 biblatex bibliography style (PK/MW)
\c@bbx:relatedcount=\count303
\c@bbx:relatedtotal=\count304
))
Package biblatex Info: Trying to load citation style 'numeric'...
Package biblatex Info: ... file 'numeric.cbx' found.
 (/usr/local/texlive/2019/texmf-dist/tex/latex/biblatex/cbx/numeric.cbx
File: numeric.cbx 2018/11/02 v3.12 biblatex citation style (PK/MW)
Package biblatex Info: Redefining '\cite'.
Package biblatex Info: Redefining '\parencite'.
Package biblatex Info: Redefining '\footcite'.
Package biblatex Info: Redefining '\footcitetext'.
Package biblatex Info: Redefining '\smartcite'.
Package biblatex Info: Redefining '\supercite'.
Package biblatex Info: Redefining '\textcite'.
Package biblatex Info: Redefining '\textcites'.
Package biblatex Info: Redefining '\cites'.
Package biblatex Info: Redefining '\parencites'.
Package biblatex Info: Redefining '\smartcites'.
)
Package biblatex Info: Trying to load configuration file...
Package biblatex Info: ... file 'biblatex.cfg' found.
 (/usr/local/texlive/2019/texmf-dist/tex/latex/biblatex/biblatex.cfg
File: biblatex.cfg 
)) (/usr/local/texlive/2019/texmf-dist/tex/latex/xcolor/xcolor.sty
Package: xcolor 2016/05/11 v2.12 LaTeX color extensions (UK)
 (/usr/local/texlive/2019/texmf-dist/tex/latex/graphics-cfg/color.cfg
File: color.cfg 2016/01/02 v1.6 sample color configuration
)
Package xcolor Info: Driver file: pdftex.def on input line 225.
 (/usr/local/texlive/2019/texmf-dist/tex/latex/colortbl/colortbl.sty
Package: colortbl 2018/12/12 v1.0d Color table columns (DPC)
\everycr=\toks27
\minrowclearance=\skip105
)
LaTeX Info: Redefining \color on input line 709.
\rownum=\count305
Package xcolor Info: Model `cmy' substituted by `cmy0' on input line 1348.
Package xcolor Info: Model `RGB' extended on input line 1364.
Package xcolor Info: Model `HTML' substituted by `rgb' on input line 1366.
Package xcolor Info: Model `Hsb' substituted by `hsb' on input line 1367.
Package xcolor Info: Model `tHsb' substituted by `hsb' on input line 1368.
Package xcolor Info: Model `HSB' substituted by `hsb' on input line 1369.
Package xcolor Info: Model `Gray' substituted by `gray' on input line 1370.
Package xcolor Info: Model `wave' substituted by `hsb' on input line 1371.
) (/usr/local/texlive/2019/texmf-dist/tex/latex/pdfpages/pdfpages.sty
Package: pdfpages 2017/10/31 v0.5l Insert pages of external PDF documents (AM)
 (/usr/local/texlive/2019/texmf-dist/tex/latex/eso-pic/eso-pic.sty
Package: eso-pic 2018/04/12 v2.0h eso-pic (RN)
 (/usr/local/texlive/2019/texmf-dist/tex/generic/oberdiek/atbegshi.sty
Package: atbegshi 2016/06/09 v1.18 At begin shipout hook (HO)
))
\AM@pagewidth=\dimen128
\AM@pageheight=\dimen129
 (/usr/local/texlive/2019/texmf-dist/tex/latex/pdfpages/pppdftex.def
File: pppdftex.def 2017/10/31 v0.5l Pdfpages driver for pdfTeX (AM)
)
\AM@pagebox=\box35
\AM@global@opts=\toks28
\AM@toc@title=\toks29
\c@AM@survey=\count306
\AM@templatesizebox=\box36
) (/usr/local/texlive/2019/texmf-dist/tex/latex/appendix/appendix.sty
Package: appendix 2009/09/02 v1.2b extra appendix facilities
\c@@pps=\count307
\c@@ppsavesec=\count308
\c@@ppsaveapp=\count309
) (/usr/local/texlive/2019/texmf-dist/tex/latex/enumitem/enumitem.sty
Package: enumitem 2019/02/04 v3.8 Customized lists
\labelindent=\skip106
\enit@outerparindent=\dimen130
\enit@toks=\toks30
\enit@inbox=\box37
\enit@count@id=\count310
\enitdp@description=\count311
)
\c@compactenumi=\count312
\c@compactenumii=\count313
\c@compactenumiii=\count314
\c@compactenumiv=\count315
\enitdp@compactenum=\count316
Package biblatex Info: Trying to load language 'english'...
Package biblatex Info: ... file 'english.lbx' found.
 (/usr/local/texlive/2019/texmf-dist/tex/latex/biblatex/lbx/english.lbx
File: english.lbx 2018/11/02 v3.12 biblatex localization (PK/MW)
)
\@quotelevel=\count317
\@quotereset=\count318
 (/Users/fkajzer/Projects/uni/master-thesis/latex/thesis/Thesis.aux)
\openout1 = `Thesis.aux'.

LaTeX Font Info:    Checking defaults for OML/cmm/m/it on input line 54.
LaTeX Font Info:    ... okay on input line 54.
LaTeX Font Info:    Checking defaults for T1/cmr/m/n on input line 54.
LaTeX Font Info:    ... okay on input line 54.
LaTeX Font Info:    Checking defaults for OT1/cmr/m/n on input line 54.
LaTeX Font Info:    ... okay on input line 54.
LaTeX Font Info:    Checking defaults for OMS/cmsy/m/n on input line 54.
LaTeX Font Info:    ... okay on input line 54.
LaTeX Font Info:    Checking defaults for OMX/cmex/m/n on input line 54.
LaTeX Font Info:    ... okay on input line 54.
LaTeX Font Info:    Checking defaults for U/cmr/m/n on input line 54.
LaTeX Font Info:    ... okay on input line 54.
Package caption Info: Begin \AtBeginDocument code.
Package caption Info: End \AtBeginDocument code.
 (/usr/local/texlive/2019/texmf-dist/tex/context/base/mkii/supp-pdf.mkii
[Loading MPS to PDF converter (version 2006.09.02).]
\scratchcounter=\count319
\scratchdimen=\dimen131
\scratchbox=\box38
\nofMPsegments=\count320
\nofMParguments=\count321
\everyMPshowfont=\toks31
\MPscratchCnt=\count322
\MPscratchDim=\dimen132
\MPnumerator=\count323
\makeMPintoPDFobject=\count324
\everyMPtoPDFconversion=\toks32
) (/usr/local/texlive/2019/texmf-dist/tex/latex/oberdiek/epstopdf-base.sty
Package: epstopdf-base 2016/05/15 v2.6 Base part for package epstopdf
 (/usr/local/texlive/2019/texmf-dist/tex/latex/oberdiek/grfext.sty
Package: grfext 2016/05/16 v1.2 Manage graphics extensions (HO)
 (/usr/local/texlive/2019/texmf-dist/tex/generic/oberdiek/kvdefinekeys.sty
Package: kvdefinekeys 2016/05/16 v1.4 Define keys (HO)
))
Package epstopdf-base Info: Redefining graphics rule for `.eps' on input line 438.
Package grfext Info: Graphics extension search list:
(grfext)             [.pdf,.png,.jpg,.mps,.jpeg,.jbig2,.jb2,.PDF,.PNG,.JPG,.JPEG,.JBIG2,.JB2,.eps]
(grfext)             \AppendGraphicsExtensions on input line 456.
 (/usr/local/texlive/2019/texmf-dist/tex/latex/latexconfig/epstopdf-sys.cfg
File: epstopdf-sys.cfg 2010/07/13 v1.3 Configuration of (r)epstopdf for TeX Live
))
Package biblatex Info: Input encoding 'utf8' detected.
Package biblatex Info: Automatic encoding selection.
(biblatex)             Assuming data encoding 'utf8'.
\openout4 = `Thesis.bcf'.

Package biblatex Info: Trying to load bibliographic data...
Package biblatex Info: ... file 'Thesis.bbl' found.
 (/Users/fkajzer/Projects/uni/master-thesis/latex/thesis/Thesis.bbl)
Package biblatex Info: Reference section=0 on input line 54.
Package biblatex Info: Reference segment=0 on input line 54.
\AtBeginShipoutBox=\box39
 (/usr/local/texlive/2019/texmf-dist/tex/latex/oberdiek/pdflscape.sty
Package: pdflscape 2016/05/14 v0.11 Display of landscape pages in PDF (HO)
 (/usr/local/texlive/2019/texmf-dist/tex/latex/graphics/lscape.sty
Package: lscape 2000/10/22 v3.01 Landscape Pages (DPC)
)
Package pdflscape Info: Auto-detected driver: pdftex on input line 81.
 (/usr/local/texlive/2019/texmf-dist/tex/generic/ifxetex/ifxetex.sty
Package: ifxetex 2010/09/12 v0.6 Provides ifxetex conditional
))
LaTeX Font Info:    Try loading font information for OT1+phv on input line 58.
 (/usr/local/texlive/2019/texmf-dist/tex/latex/psnfss/ot1phv.fd
File: ot1phv.fd 2001/06/04 scalable font definitions for OT1/phv.
)
LaTeX Font Info:    Font shape `OT1/phv/m/n' will be
(Font)              scaled to size 11.03998pt on input line 58.
LaTeX Font Info:    Font shape `OT1/phv/bx/n' in size <12> not available
(Font)              Font shape `OT1/phv/b/n' tried instead on input line 58.
LaTeX Font Info:    Font shape `OT1/phv/b/n' will be
(Font)              scaled to size 11.03998pt on input line 58.
LaTeX Font Info:    Font shape `OT1/phv/bx/n' in size <24.88> not available
(Font)              Font shape `OT1/phv/b/n' tried instead on input line 58.
LaTeX Font Info:    Font shape `OT1/phv/b/n' will be
(Font)              scaled to size 22.88956pt on input line 58.
LaTeX Font Info:    Try loading font information for U+msa on input line 58.
 (/usr/local/texlive/2019/texmf-dist/tex/latex/amsfonts/umsa.fd
File: umsa.fd 2013/01/14 v3.01 AMS symbols A
)
LaTeX Font Info:    Try loading font information for U+msb on input line 58.
 (/usr/local/texlive/2019/texmf-dist/tex/latex/amsfonts/umsb.fd
File: umsb.fd 2013/01/14 v3.01 AMS symbols B
) [1
Non-PDF special ignored!
<special> header=psfrag.pro
Non-PDF special ignored!
<special> papersize=597.50793pt,845.04694pt



{/usr/local/texlive/2019/texmf-var/fonts/map/pdftex/updmap/pdftex.map}] [2


]
LaTeX Font Info:    Font shape `OT1/phv/m/n' will be
(Font)              scaled to size 15.89755pt on input line 58.
LaTeX Font Info:    Font shape `OT1/phv/bx/n' in size <17.28> not available
(Font)              Font shape `OT1/phv/b/n' tried instead on input line 58.
LaTeX Font Info:    Font shape `OT1/phv/b/n' will be
(Font)              scaled to size 15.89755pt on input line 58.

Overfull \hbox (56.29329pt too wide) in paragraph at lines 58--58
 [] 
 []

[3] [0




] [1] (/Users/fkajzer/Projects/uni/master-thesis/latex/thesis/sections/abstract.tex) [0


]
LaTeX Font Info:    Font shape `OT1/phv/m/sc' will be
(Font)              scaled to size 11.03998pt on input line 75.
<rwth_vci_bild_schwarz_grau_cmyk.pdf, id=26, 267.4562pt x 68.28632pt>
File: rwth_vci_bild_schwarz_grau_cmyk.pdf Graphic file (type pdf)
<use rwth_vci_bild_schwarz_grau_cmyk.pdf>
Package pdftex.def Info: rwth_vci_bild_schwarz_grau_cmyk.pdf  used on input line 75.
(pdftex.def)             Requested size: 89.15048pt x 22.76228pt.
 [1 </Users/fkajzer/Projects/uni/master-thesis/latex/thesis/rwth_vci_bild_schwarz_grau_cmyk.pdf>] [2


]
LaTeX Font Info:    Font shape `OT1/phv/m/sc' will be
(Font)              scaled to size 15.23514pt on input line 75.
LaTeX Font Info:    Font shape `OT1/phv/m/sc' will be
(Font)              scaled to size 22.88956pt on input line 75.
LaTeX Font Info:    Font shape `OT1/phv/bx/sc' in size <24.88> not available
(Font)              Font shape `OT1/phv/b/sc' tried instead on input line 75.
LaTeX Font Info:    Font shape `OT1/phv/b/sc' will be
(Font)              scaled to size 22.88956pt on input line 75.
 (/Users/fkajzer/Projects/uni/master-thesis/latex/thesis/Thesis.toc
File: rwth_vci_bild_schwarz_grau_cmyk.pdf Graphic file (type pdf)
<use rwth_vci_bild_schwarz_grau_cmyk.pdf>
Package pdftex.def Info: rwth_vci_bild_schwarz_grau_cmyk.pdf  used on input line 63.
(pdftex.def)             Requested size: 89.15048pt x 22.76228pt.
 [3])
\tf@toc=\write5
\openout5 = `Thesis.toc'.

 [4]
chapter 1.
(/Users/fkajzer/Projects/uni/master-thesis/latex/thesis/sections/1_introduction/main.tex
File: rwth_vci_bild_schwarz_grau_cmyk.pdf Graphic file (type pdf)
<use rwth_vci_bild_schwarz_grau_cmyk.pdf>
Package pdftex.def Info: rwth_vci_bild_schwarz_grau_cmyk.pdf  used on input line 26.
(pdftex.def)             Requested size: 89.15048pt x 22.76228pt.
 [5


] (/Users/fkajzer/Projects/uni/master-thesis/latex/thesis/sections/1_introduction/motivation.tex [6]
File: rwth_vci_bild_schwarz_grau_cmyk.pdf Graphic file (type pdf)
<use rwth_vci_bild_schwarz_grau_cmyk.pdf>
Package pdftex.def Info: rwth_vci_bild_schwarz_grau_cmyk.pdf  used on input line 43.
(pdftex.def)             Requested size: 89.15048pt x 22.76228pt.
 [7]) (/Users/fkajzer/Projects/uni/master-thesis/latex/thesis/sections/1_introduction/goal.tex [8]))
File: rwth_vci_bild_schwarz_grau_cmyk.pdf Graphic file (type pdf)
<use rwth_vci_bild_schwarz_grau_cmyk.pdf>
Package pdftex.def Info: rwth_vci_bild_schwarz_grau_cmyk.pdf  used on input line 80.
(pdftex.def)             Requested size: 89.15048pt x 22.76228pt.
 [9] [10]
chapter 2.
(/Users/fkajzer/Projects/uni/master-thesis/latex/thesis/sections/2_related_work/main.tex (/Users/fkajzer/Projects/uni/master-thesis/latex/thesis/sections/2_related_work/subsections/display_devices.tex)
File: rwth_vci_bild_schwarz_grau_cmyk.pdf Graphic file (type pdf)
<use rwth_vci_bild_schwarz_grau_cmyk.pdf>
Package pdftex.def Info: rwth_vci_bild_schwarz_grau_cmyk.pdf  used on input line 12.
(pdftex.def)             Requested size: 89.15048pt x 22.76228pt.
 [11


] (/Users/fkajzer/Projects/uni/master-thesis/latex/thesis/sections/2_related_work/subsections/input_devices.tex) (/Users/fkajzer/Projects/uni/master-thesis/latex/thesis/sections/2_related_work/subsections/frameworks_tools.tex)
Underfull \vbox (badness 10000) has occurred while \output is active []

 [12] (/Users/fkajzer/Projects/uni/master-thesis/latex/thesis/sections/2_related_work/subsections/surgical_applications.tex)
LaTeX Font Info:    Font shape `OT1/phv/bx/n' in size <14.4> not available
(Font)              Font shape `OT1/phv/b/n' tried instead on input line 21.
LaTeX Font Info:    Font shape `OT1/phv/b/n' will be
(Font)              scaled to size 13.24796pt on input line 21.
 (/Users/fkajzer/Projects/uni/master-thesis/latex/thesis/sections/2_related_work/subsections/vr_based.tex
File: rwth_vci_bild_schwarz_grau_cmyk.pdf Graphic file (type pdf)
<use rwth_vci_bild_schwarz_grau_cmyk.pdf>
Package pdftex.def Info: rwth_vci_bild_schwarz_grau_cmyk.pdf  used on input line 52.
(pdftex.def)             Requested size: 89.15048pt x 22.76228pt.
 [13] [14]
Underfull \vbox (badness 10000) has occurred while \output is active []

File: rwth_vci_bild_schwarz_grau_cmyk.pdf Graphic file (type pdf)
<use rwth_vci_bild_schwarz_grau_cmyk.pdf>
Package pdftex.def Info: rwth_vci_bild_schwarz_grau_cmyk.pdf  used on input line 117.
(pdftex.def)             Requested size: 89.15048pt x 22.76228pt.
 [15]) (/Users/fkajzer/Projects/uni/master-thesis/latex/thesis/sections/2_related_work/subsections/others.tex
Underfull \vbox (badness 10000) has occurred while \output is active []

 [16]
File: rwth_vci_bild_schwarz_grau_cmyk.pdf Graphic file (type pdf)
<use rwth_vci_bild_schwarz_grau_cmyk.pdf>
Package pdftex.def Info: rwth_vci_bild_schwarz_grau_cmyk.pdf  used on input line 32.
(pdftex.def)             Requested size: 89.15048pt x 22.76228pt.
 [17])) [18]
chapter 3.
(/Users/fkajzer/Projects/uni/master-thesis/latex/thesis/sections/3_approach/main.tex (/Users/fkajzer/Projects/uni/master-thesis/latex/thesis/sections/3_approach/requirement_analysis/main.tex (/Users/fkajzer/Projects/uni/master-thesis/latex/thesis/sections/3_approach/requirement_analysis/non_functional.tex
File: rwth_vci_bild_schwarz_grau_cmyk.pdf Graphic file (type pdf)
<use rwth_vci_bild_schwarz_grau_cmyk.pdf>
Package pdftex.def Info: rwth_vci_bild_schwarz_grau_cmyk.pdf  used on input line 8.
(pdftex.def)             Requested size: 89.15048pt x 22.76228pt.
 [19


]
Underfull \vbox (badness 10000) has occurred while \output is active []

 [20]) (/Users/fkajzer/Projects/uni/master-thesis/latex/thesis/sections/3_approach/requirement_analysis/functional.tex
Underfull \vbox (badness 3375) has occurred while \output is active []

File: rwth_vci_bild_schwarz_grau_cmyk.pdf Graphic file (type pdf)
<use rwth_vci_bild_schwarz_grau_cmyk.pdf>
Package pdftex.def Info: rwth_vci_bild_schwarz_grau_cmyk.pdf  used on input line 21.
(pdftex.def)             Requested size: 89.15048pt x 22.76228pt.
 [21])) (/Users/fkajzer/Projects/uni/master-thesis/latex/thesis/sections/3_approach/concept/main.tex
Underfull \vbox (badness 10000) has occurred while \output is active []

 [22]
<images/project_plan.png, id=118, 2369.85374pt x 1147.28625pt>
File: images/project_plan.png Graphic file (type png)
<use images/project_plan.png>
Package pdftex.def Info: images/project_plan.png  used on input line 13.
(pdftex.def)             Requested size: 448.13095pt x 216.93628pt.
File: rwth_vci_bild_schwarz_grau_cmyk.pdf Graphic file (type pdf)
<use rwth_vci_bild_schwarz_grau_cmyk.pdf>
Package pdftex.def Info: rwth_vci_bild_schwarz_grau_cmyk.pdf  used on input line 25.
(pdftex.def)             Requested size: 89.15048pt x 22.76228pt.
 [23 </Users/fkajzer/Projects/uni/master-thesis/latex/thesis/images/project_plan.png>])) [24]
chapter 4.
(/Users/fkajzer/Projects/uni/master-thesis/latex/thesis/sections/4_implementation/main.tex (/Users/fkajzer/Projects/uni/master-thesis/latex/thesis/sections/4_implementation/architecture.tex
File: rwth_vci_bild_schwarz_grau_cmyk.pdf Graphic file (type pdf)
<use rwth_vci_bild_schwarz_grau_cmyk.pdf>
Package pdftex.def Info: rwth_vci_bild_schwarz_grau_cmyk.pdf  used on input line 13.
(pdftex.def)             Requested size: 89.15048pt x 22.76228pt.
 [25


]
<images/implementation/architecture.png, id=131, 801.99625pt x 352.31625pt>
File: images/implementation/architecture.png Graphic file (type png)
<use images/implementation/architecture.png>
Package pdftex.def Info: images/implementation/architecture.png  used on input line 51.
(pdftex.def)             Requested size: 376.40762pt x 165.35748pt.
) [26] (/Users/fkajzer/Projects/uni/master-thesis/latex/thesis/sections/4_implementation/virutal_ot.tex
<images/implementation/operating_room_360.png, id=135, 1374.13374pt x 686.565pt>
File: images/implementation/operating_room_360.png Graphic file (type png)
<use images/implementation/operating_room_360.png>
Package pdftex.def Info: images/implementation/operating_room_360.png  used on input line 8.
(pdftex.def)             Requested size: 212.86151pt x 106.34314pt.
<images/implementation/walkabout_worlds.png, id=136, 1129.97156pt x 461.47406pt>
File: images/implementation/walkabout_worlds.png Graphic file (type png)
<use images/implementation/walkabout_worlds.png>
Package pdftex.def Info: images/implementation/walkabout_worlds.png  used on input line 12.
(pdftex.def)             Requested size: 212.86151pt x 86.92754pt.

Overfull \hbox (30.54602pt too wide) in paragraph at lines 17--24
[]\OT1/cmr/m/n/12 The vir-tual op-er-at-ing room has been mod-eled with a cost-effective, sim-plis-tic photogrammatry-
 []

File: rwth_vci_bild_schwarz_grau_cmyk.pdf Graphic file (type pdf)
<use rwth_vci_bild_schwarz_grau_cmyk.pdf>
Package pdftex.def Info: rwth_vci_bild_schwarz_grau_cmyk.pdf  used on input line 24.
(pdftex.def)             Requested size: 89.15048pt x 22.76228pt.
[27 </Users/fkajzer/Projects/uni/master-thesis/latex/thesis/images/implementation/architecture.png>]
<images/todo.png, id=141, 1927.2pt x 907.39pt>
File: images/todo.png Graphic file (type png)
<use images/todo.png>
Package pdftex.def Info: images/todo.png  used on input line 30.
(pdftex.def)             Requested size: 212.86151pt x 100.21472pt.
File: images/todo.png Graphic file (type png)
<use images/todo.png>
Package pdftex.def Info: images/todo.png  used on input line 34.
(pdftex.def)             Requested size: 212.86151pt x 100.21472pt.
) [28 </Users/fkajzer/Projects/uni/master-thesis/latex/thesis/images/implementation/operating_room_360.png> </Users/fkajzer/Projects/uni/master-thesis/latex/thesis/images/implementation/walkabout_worlds.png> </Users/fkajzer/Projects/uni/master-thesis/latex/thesis/images/todo.png>] (/Users/fkajzer/Projects/uni/master-thesis/latex/thesis/sections/4_implementation/user_interface/main.tex (/Users/fkajzer/Projects/uni/master-thesis/latex/thesis/sections/4_implementation/user_interface/graphical_user_interface.tex
<images/implementation/user_interface/project_cases.png, id=147, 439.6425pt x 383.18156pt>
File: images/implementation/user_interface/project_cases.png Graphic file (type png)
<use images/implementation/user_interface/project_cases.png>
Package pdftex.def Info: images/implementation/user_interface/project_cases.png  used on input line 17.
(pdftex.def)             Requested size: 200.75073pt x 174.96765pt.
File: rwth_vci_bild_schwarz_grau_cmyk.pdf Graphic file (type pdf)
<use rwth_vci_bild_schwarz_grau_cmyk.pdf>
Package pdftex.def Info: rwth_vci_bild_schwarz_grau_cmyk.pdf  used on input line 31.
(pdftex.def)             Requested size: 89.15048pt x 22.76228pt.
 [29]
<images/implementation/user_interface/patient.png, id=151, 540.51938pt x 402.00188pt>
File: images/implementation/user_interface/patient.png Graphic file (type png)
<use images/implementation/user_interface/patient.png>
Package pdftex.def Info: images/implementation/user_interface/patient.png  used on input line 36.
(pdftex.def)             Requested size: 212.86151pt x 158.30746pt.
<images/implementation/user_interface/segments.png, id=152, 450.18187pt x 389.20406pt>
File: images/implementation/user_interface/segments.png Graphic file (type png)
<use images/implementation/user_interface/segments.png>
Package pdftex.def Info: images/implementation/user_interface/segments.png  used on input line 42.
(pdftex.def)             Requested size: 212.86151pt x 184.03053pt.
) (/Users/fkajzer/Projects/uni/master-thesis/latex/thesis/sections/4_implementation/user_interface/voice_user_inface.tex
Underfull \hbox (badness 1694) in paragraph at lines 7--7
[]|\OT1/cmr/m/n/12 Show all steps enu-
 []


Underfull \hbox (badness 10000) in paragraph at lines 12--12
[]|\OT1/cmr/m/n/12 Redo last re-verted
 []


Overfull \hbox (161.49136pt too wide) in paragraph at lines 3--17
 [] 
 []

))
Underfull \vbox (badness 10000) has occurred while \output is active []

 [30 </Users/fkajzer/Projects/uni/master-thesis/latex/thesis/images/implementation/user_interface/project_cases.png> </Users/fkajzer/Projects/uni/master-thesis/latex/thesis/images/implementation/user_interface/patient.png> </Users/fkajzer/Projects/uni/master-thesis/latex/thesis/images/implementation/user_interface/segments.png>]
File: rwth_vci_bild_schwarz_grau_cmyk.pdf Graphic file (type pdf)
<use rwth_vci_bild_schwarz_grau_cmyk.pdf>
Package pdftex.def Info: rwth_vci_bild_schwarz_grau_cmyk.pdf  used on input line 13.
(pdftex.def)             Requested size: 89.15048pt x 22.76228pt.
 [31] (/Users/fkajzer/Projects/uni/master-thesis/latex/thesis/sections/4_implementation/features/main.tex (/Users/fkajzer/Projects/uni/master-thesis/latex/thesis/sections/4_implementation/features/visualization/main.tex
File: images/todo.png Graphic file (type png)
<use images/todo.png>
Package pdftex.def Info: images/todo.png  used on input line 13.
(pdftex.def)             Requested size: 376.40762pt x 177.22417pt.
 [32]
<images/implementation/features/visualization/segments_1.png, id=163, 615.0478pt x 388.45125pt>
File: images/implementation/features/visualization/segments_1.png Graphic file (type png)
<use images/implementation/features/visualization/segments_1.png>
Package pdftex.def Info: images/implementation/features/visualization/segments_1.png  used on input line 27.
(pdftex.def)             Requested size: 212.86151pt x 134.43665pt.
<images/implementation/features/visualization/segments_2.png, id=164, 481.04718pt x 316.93407pt>
File: images/implementation/features/visualization/segments_2.png Graphic file (type png)
<use images/implementation/features/visualization/segments_2.png>
Package pdftex.def Info: images/implementation/features/visualization/segments_2.png  used on input line 31.
(pdftex.def)             Requested size: 205.0184pt x 135.07481pt.
File: rwth_vci_bild_schwarz_grau_cmyk.pdf Graphic file (type pdf)
<use rwth_vci_bild_schwarz_grau_cmyk.pdf>
Package pdftex.def Info: rwth_vci_bild_schwarz_grau_cmyk.pdf  used on input line 45.
(pdftex.def)             Requested size: 89.15048pt x 22.76228pt.
 [33 </Users/fkajzer/Projects/uni/master-thesis/latex/thesis/images/implementation/features/visualization/segments_1.png> </Users/fkajzer/Projects/uni/master-thesis/latex/thesis/images/implementation/features/visualization/segments_2.png>]
File: images/todo.png Graphic file (type png)
<use images/todo.png>
Package pdftex.def Info: images/todo.png  used on input line 48.
(pdftex.def)             Requested size: 200.75073pt x 94.51033pt.
<images/implementation/features/visualization/project_copy.png, id=168, 722.7pt x 433.62pt>
File: images/implementation/features/visualization/project_copy.png Graphic file (type png)
<use images/implementation/features/visualization/project_copy.png>
Package pdftex.def Info: images/implementation/features/visualization/project_copy.png  used on input line 63.
(pdftex.def)             Requested size: 200.75073pt x 120.44676pt.
 [34 </Users/fkajzer/Projects/uni/master-thesis/latex/thesis/images/implementation/features/visualization/project_copy.png>]
File: images/todo.png Graphic file (type png)
<use images/todo.png>
Package pdftex.def Info: images/todo.png  used on input line 76.
(pdftex.def)             Requested size: 200.75073pt x 94.51033pt.
<images/implementation/features/visualization/ruler.png, id=172, 683.55376pt x 421.575pt>
File: images/implementation/features/visualization/ruler.png Graphic file (type png)
<use images/implementation/features/visualization/ruler.png>
Package pdftex.def Info: images/implementation/features/visualization/ruler.png  used on input line 87.
(pdftex.def)             Requested size: 200.75073pt x 123.81032pt.
) (/Users/fkajzer/Projects/uni/master-thesis/latex/thesis/sections/4_implementation/features/procedures/main.tex
Underfull \vbox (badness 2865) has occurred while \output is active []

File: rwth_vci_bild_schwarz_grau_cmyk.pdf Graphic file (type pdf)
<use rwth_vci_bild_schwarz_grau_cmyk.pdf>
Package pdftex.def Info: rwth_vci_bild_schwarz_grau_cmyk.pdf  used on input line 31.
(pdftex.def)             Requested size: 89.15048pt x 22.76228pt.
 [35 </Users/fkajzer/Projects/uni/master-thesis/latex/thesis/images/implementation/features/visualization/ruler.png>]
Underfull \vbox (badness 2005) has occurred while \output is active []

 [36] (/Users/fkajzer/Projects/uni/master-thesis/latex/thesis/sections/4_implementation/features/procedures/drilling.tex
<images/implementation/features/procedures/drilling_attachment.png, id=179, 722.7pt x 433.62pt>
File: images/implementation/features/procedures/drilling_attachment.png Graphic file (type png)
<use images/implementation/features/procedures/drilling_attachment.png>
Package pdftex.def Info: images/implementation/features/procedures/drilling_attachment.png  used on input line 11.
(pdftex.def)             Requested size: 200.75073pt x 120.44676pt.
<images/implementation/features/procedures/drilling.png, id=180, 387.69844pt x 381.67593pt>
File: images/implementation/features/procedures/drilling.png Graphic file (type png)
<use images/implementation/features/procedures/drilling.png>
Package pdftex.def Info: images/implementation/features/procedures/drilling.png  used on input line 26.
(pdftex.def)             Requested size: 200.75073pt x 197.63399pt.
) (/Users/fkajzer/Projects/uni/master-thesis/latex/thesis/sections/4_implementation/features/procedures/chisel.tex
File: rwth_vci_bild_schwarz_grau_cmyk.pdf Graphic file (type pdf)
<use rwth_vci_bild_schwarz_grau_cmyk.pdf>
Package pdftex.def Info: rwth_vci_bild_schwarz_grau_cmyk.pdf  used on input line 1.
(pdftex.def)             Requested size: 89.15048pt x 22.76228pt.
 [37 </Users/fkajzer/Projects/uni/master-thesis/latex/thesis/images/implementation/features/procedures/drilling_attachment.png>]
<images/implementation/features/procedures/chisel.png, id=185, 435.87843pt x 408.02437pt>
File: images/implementation/features/procedures/chisel.png Graphic file (type png)
<use images/implementation/features/procedures/chisel.png>
Package pdftex.def Info: images/implementation/features/procedures/chisel.png  used on input line 5.
(pdftex.def)             Requested size: 200.75073pt x 187.91762pt.
) (/Users/fkajzer/Projects/uni/master-thesis/latex/thesis/sections/4_implementation/features/procedures/bonesaw.tex
<images/implementation/features/procedures/bonesaw.png, id=186, 612.78937pt x 424.58624pt>
File: images/implementation/features/procedures/bonesaw.png Graphic file (type png)
<use images/implementation/features/procedures/bonesaw.png>
Package pdftex.def Info: images/implementation/features/procedures/bonesaw.png  used on input line 5.
(pdftex.def)             Requested size: 200.75073pt x 139.09026pt.
 [38 </Users/fkajzer/Projects/uni/master-thesis/latex/thesis/images/implementation/features/procedures/drilling.png>]
File: images/todo.png Graphic file (type png)
<use images/todo.png>
Package pdftex.def Info: images/todo.png  used on input line 20.
(pdftex.def)             Requested size: 200.75073pt x 94.51033pt.
) (/Users/fkajzer/Projects/uni/master-thesis/latex/thesis/sections/4_implementation/features/procedures/piezo.tex
<images/implementation/features/procedures/piezo.png, id=190, 585.68813pt x 426.84468pt>
File: images/implementation/features/procedures/piezo.png Graphic file (type png)
<use images/implementation/features/procedures/piezo.png>
Package pdftex.def Info: images/implementation/features/procedures/piezo.png  used on input line 5.
(pdftex.def)             Requested size: 200.75073pt x 146.30414pt.
) (/Users/fkajzer/Projects/uni/master-thesis/latex/thesis/sections/4_implementation/features/procedures/metal_plate.tex
<images/implementation/features/procedures/metal_plates_1.png, id=191, 612.78937pt x 279.29344pt>
File: images/implementation/features/procedures/metal_plates_1.png Graphic file (type png)
<use images/implementation/features/procedures/metal_plates_1.png>
Package pdftex.def Info: images/implementation/features/procedures/metal_plates_1.png  used on input line 5.
(pdftex.def)             Requested size: 200.75073pt x 91.49377pt.
<images/implementation/features/procedures/metal_plates_2.png, id=192, 517.935pt x 408.02437pt>
File: images/implementation/features/procedures/metal_plates_2.png Graphic file (type png)
<use images/implementation/features/procedures/metal_plates_2.png>
Package pdftex.def Info: images/implementation/features/procedures/metal_plates_2.png  used on input line 19.
(pdftex.def)             Requested size: 212.86151pt x 167.68953pt.
<images/implementation/features/procedures/metal_plates_3.png, id=193, 545.78906pt x 350.81062pt>
File: images/implementation/features/procedures/metal_plates_3.png Graphic file (type png)
<use images/implementation/features/procedures/metal_plates_3.png>
Package pdftex.def Info: images/implementation/features/procedures/metal_plates_3.png  used on input line 23.
(pdftex.def)             Requested size: 212.86151pt x 136.81558pt.
File: rwth_vci_bild_schwarz_grau_cmyk.pdf Graphic file (type pdf)
<use rwth_vci_bild_schwarz_grau_cmyk.pdf>
Package pdftex.def Info: rwth_vci_bild_schwarz_grau_cmyk.pdf  used on input line 26.
(pdftex.def)             Requested size: 89.15048pt x 22.76228pt.
 [39 </Users/fkajzer/Projects/uni/master-thesis/latex/thesis/images/implementation/features/procedures/chisel.png>]) (/Users/fkajzer/Projects/uni/master-thesis/latex/thesis/sections/4_implementation/features/procedures/marking.tex
<images/implementation/features/procedures/marker.png, id=198, 629.35126pt x 429.85594pt>
File: images/implementation/features/procedures/marker.png Graphic file (type png)
<use images/implementation/features/procedures/marker.png>
Package pdftex.def Info: images/implementation/features/procedures/marker.png  used on input line 5.
(pdftex.def)             Requested size: 200.75073pt x 137.11069pt.
)) [40 </Users/fkajzer/Projects/uni/master-thesis/latex/thesis/images/implementation/features/procedures/bonesaw.png>] (/Users/fkajzer/Projects/uni/master-thesis/latex/thesis/sections/4_implementation/features/training/main.tex
<images/implementation/features/training/training_flow.png, id=202, 412.54124pt x 516.93124pt>
File: images/implementation/features/training/training_flow.png Graphic file (type png)
<use images/implementation/features/training/training_flow.png>
Package pdftex.def Info: images/implementation/features/training/training_flow.png  used on input line 12.
(pdftex.def)             Requested size: 225.84457pt x 282.9958pt.
File: rwth_vci_bild_schwarz_grau_cmyk.pdf Graphic file (type pdf)
<use rwth_vci_bild_schwarz_grau_cmyk.pdf>
Package pdftex.def Info: rwth_vci_bild_schwarz_grau_cmyk.pdf  used on input line 14.
(pdftex.def)             Requested size: 89.15048pt x 22.76228pt.
 [41 </Users/fkajzer/Projects/uni/master-thesis/latex/thesis/images/implementation/features/procedures/piezo.png> </Users/fkajzer/Projects/uni/master-thesis/latex/thesis/images/implementation/features/procedures/metal_plates_1.png>]
<images/implementation/features/training/train_guide.png, id=206, 727.96968pt x 418.56375pt>
File: images/implementation/features/training/train_guide.png Graphic file (type png)
<use images/implementation/features/training/train_guide.png>
Package pdftex.def Info: images/implementation/features/training/train_guide.png  used on input line 27.
(pdftex.def)             Requested size: 212.86151pt x 122.38948pt.
<images/implementation/features/training/train_select.png, id=207, 717.43031pt x 432.86719pt>
File: images/implementation/features/training/train_select.png Graphic file (type png)
<use images/implementation/features/training/train_select.png>
Package pdftex.def Info: images/implementation/features/training/train_select.png  used on input line 31.
(pdftex.def)             Requested size: 205.0184pt x 123.69867pt.
<images/implementation/features/training/training.png, id=208, 723.45282pt x 432.86719pt>
File: images/implementation/features/training/training.png Graphic file (type png)
<use images/implementation/features/training/training.png>
Package pdftex.def Info: images/implementation/features/training/training.png  used on input line 35.
(pdftex.def)             Requested size: 425.72302pt x 254.72891pt.
 [42 </Users/fkajzer/Projects/uni/master-thesis/latex/thesis/images/implementation/features/procedures/metal_plates_2.png> </Users/fkajzer/Projects/uni/master-thesis/latex/thesis/images/implementation/features/procedures/metal_plates_3.png> </Users/fkajzer/Projects/uni/master-thesis/latex/thesis/images/implementation/features/procedures/marker.png>])) (/Users/fkajzer/Projects/uni/master-thesis/latex/thesis/sections/4_implementation/workflow/main.tex
<images/implementation/workflow.png, id=212, 644.1666pt x 306.9066pt>
File: images/implementation/workflow.png Graphic file (type png)
<use images/implementation/workflow.png>
Package pdftex.def Info: images/implementation/workflow.png  used on input line 10.
(pdftex.def)             Requested size: 351.31378pt x 167.38019pt.
File: rwth_vci_bild_schwarz_grau_cmyk.pdf Graphic file (type pdf)
<use rwth_vci_bild_schwarz_grau_cmyk.pdf>
Package pdftex.def Info: rwth_vci_bild_schwarz_grau_cmyk.pdf  used on input line 19.
(pdftex.def)             Requested size: 89.15048pt x 22.76228pt.
 [43 </Users/fkajzer/Projects/uni/master-thesis/latex/thesis/images/implementation/features/training/training_flow.png>] [44 </Users/fkajzer/Projects/uni/master-thesis/latex/thesis/images/implementation/features/training/train_guide.png> </Users/fkajzer/Projects/uni/master-thesis/latex/thesis/images/implementation/features/training/train_select.png> </Users/fkajzer/Projects/uni/master-thesis/latex/thesis/images/implementation/features/training/training.png>] (/Users/fkajzer/Projects/uni/master-thesis/latex/thesis/sections/4_implementation/workflow/project_case.tex
<images/implementation/project_case.png, id=221, 192.72pt x 473.77pt>
File: images/implementation/project_case.png Graphic file (type png)
<use images/implementation/project_case.png>
Package pdftex.def Info: images/implementation/project_case.png  used on input line 5.
(pdftex.def)             Requested size: 110.4129pt x 271.43246pt.
)
File: rwth_vci_bild_schwarz_grau_cmyk.pdf Graphic file (type pdf)
<use rwth_vci_bild_schwarz_grau_cmyk.pdf>
Package pdftex.def Info: rwth_vci_bild_schwarz_grau_cmyk.pdf  used on input line 22.
(pdftex.def)             Requested size: 89.15048pt x 22.76228pt.
 [45 </Users/fkajzer/Projects/uni/master-thesis/latex/thesis/images/implementation/workflow.png>]) (/Users/fkajzer/Projects/uni/master-thesis/latex/thesis/sections/4_implementation/interaction_flow/main.tex
<images/implementation/interaction_flow.png, id=226, 370.38374pt x 623.32875pt>
File: images/implementation/interaction_flow.png Graphic file (type png)
<use images/implementation/interaction_flow.png>
Package pdftex.def Info: images/implementation/interaction_flow.png  used on input line 3.
(pdftex.def)             Requested size: 200.75073pt x 337.84799pt.
))
Underfull \vbox (badness 10000) has occurred while \output is active []

 [46 </Users/fkajzer/Projects/uni/master-thesis/latex/thesis/images/implementation/project_case.png>]
File: rwth_vci_bild_schwarz_grau_cmyk.pdf Graphic file (type pdf)
<use rwth_vci_bild_schwarz_grau_cmyk.pdf>
Package pdftex.def Info: rwth_vci_bild_schwarz_grau_cmyk.pdf  used on input line 88.
(pdftex.def)             Requested size: 89.15048pt x 22.76228pt.
 [47 </Users/fkajzer/Projects/uni/master-thesis/latex/thesis/images/implementation/interaction_flow.png>] [48]
chapter 5.
(/Users/fkajzer/Projects/uni/master-thesis/latex/thesis/sections/5_evaluation/main.tex (/Users/fkajzer/Projects/uni/master-thesis/latex/thesis/sections/5_evaluation/methology/main.tex (/Users/fkajzer/Projects/uni/master-thesis/latex/thesis/sections/5_evaluation/methology/preliminaries.tex
File: rwth_vci_bild_schwarz_grau_cmyk.pdf Graphic file (type pdf)
<use rwth_vci_bild_schwarz_grau_cmyk.pdf>
Package pdftex.def Info: rwth_vci_bild_schwarz_grau_cmyk.pdf  used on input line 12.
(pdftex.def)             Requested size: 89.15048pt x 22.76228pt.
 [49


]) (/Users/fkajzer/Projects/uni/master-thesis/latex/thesis/sections/5_evaluation/methology/participants.tex) [50] (/Users/fkajzer/Projects/uni/master-thesis/latex/thesis/sections/5_evaluation/methology/execution.tex
File: rwth_vci_bild_schwarz_grau_cmyk.pdf Graphic file (type pdf)
<use rwth_vci_bild_schwarz_grau_cmyk.pdf>
Package pdftex.def Info: rwth_vci_bild_schwarz_grau_cmyk.pdf  used on input line 35.
(pdftex.def)             Requested size: 89.15048pt x 22.76228pt.
 [51])) (/Users/fkajzer/Projects/uni/master-thesis/latex/thesis/sections/5_evaluation/results/main.tex (/Users/fkajzer/Projects/uni/master-thesis/latex/thesis/sections/5_evaluation/results/results.tex
<images/evaluation/VR-SSQ.png, id=248, 376.40625pt x 282.05376pt>
File: images/evaluation/VR-SSQ.png Graphic file (type png)
<use images/evaluation/VR-SSQ.png>
Package pdftex.def Info: images/evaluation/VR-SSQ.png  used on input line 17.
(pdftex.def)             Requested size: 200.75073pt x 150.4346pt.
 [52]
File: rwth_vci_bild_schwarz_grau_cmyk.pdf Graphic file (type pdf)
<use rwth_vci_bild_schwarz_grau_cmyk.pdf>
Package pdftex.def Info: rwth_vci_bild_schwarz_grau_cmyk.pdf  used on input line 126.
(pdftex.def)             Requested size: 89.15048pt x 22.76228pt.
 [53 </Users/fkajzer/Projects/uni/master-thesis/latex/thesis/images/evaluation/VR-SSQ.png>]
<images/evaluation/VR-SET1.png, id=256, 1129.21875pt x 376.40625pt>
File: images/evaluation/VR-SET1.png Graphic file (type png)
<use images/evaluation/VR-SET1.png>
Package pdftex.def Info: images/evaluation/VR-SET1.png  used on input line 161.
(pdftex.def)             Requested size: 200.75073pt x 66.91739pt.
<images/evaluation/VR-SET2.png, id=257, 1129.21875pt x 376.40625pt>
File: images/evaluation/VR-SET2.png Graphic file (type png)
<use images/evaluation/VR-SET2.png>
Package pdftex.def Info: images/evaluation/VR-SET2.png  used on input line 167.
(pdftex.def)             Requested size: 200.75073pt x 66.91739pt.
))) [54]
File: rwth_vci_bild_schwarz_grau_cmyk.pdf Graphic file (type pdf)
<use rwth_vci_bild_schwarz_grau_cmyk.pdf>
Package pdftex.def Info: rwth_vci_bild_schwarz_grau_cmyk.pdf  used on input line 92.
(pdftex.def)             Requested size: 89.15048pt x 22.76228pt.
 [55 </Users/fkajzer/Projects/uni/master-thesis/latex/thesis/images/evaluation/VR-SET1.png> </Users/fkajzer/Projects/uni/master-thesis/latex/thesis/images/evaluation/VR-SET2.png>] [56


]
chapter 6.
(/Users/fkajzer/Projects/uni/master-thesis/latex/thesis/sections/6_discussion/main.tex)
File: rwth_vci_bild_schwarz_grau_cmyk.pdf Graphic file (type pdf)
<use rwth_vci_bild_schwarz_grau_cmyk.pdf>
Package pdftex.def Info: rwth_vci_bild_schwarz_grau_cmyk.pdf  used on input line 94.
(pdftex.def)             Requested size: 89.15048pt x 22.76228pt.
 [57] [58]
chapter 7.
(/Users/fkajzer/Projects/uni/master-thesis/latex/thesis/sections/7_conclusion/main.tex
File: rwth_vci_bild_schwarz_grau_cmyk.pdf Graphic file (type pdf)
<use rwth_vci_bild_schwarz_grau_cmyk.pdf>
Package pdftex.def Info: rwth_vci_bild_schwarz_grau_cmyk.pdf  used on input line 38.
(pdftex.def)             Requested size: 89.15048pt x 22.76228pt.
 [59


] (/Users/fkajzer/Projects/uni/master-thesis/latex/thesis/sections/7_conclusion/future_work.tex)) [60]
LaTeX Font Info:    Try loading font information for OT1+pcr on input line 98.
 (/usr/local/texlive/2019/texmf-dist/tex/latex/psnfss/ot1pcr.fd
File: ot1pcr.fd 2001/06/04 font definitions for OT1/pcr.
)
Overfull \hbox (13.94545pt too wide) in paragraph at lines 99--99
[]\OT1/cmr/m/n/12 Oleksii Bashkanov, Patrick Saalfeld, Har-i-ha-ra-sud-han Gu-nasekaran, Math-ews Jabaraj,
 []

File: rwth_vci_bild_schwarz_grau_cmyk.pdf Graphic file (type pdf)
<use rwth_vci_bild_schwarz_grau_cmyk.pdf>
Package pdftex.def Info: rwth_vci_bild_schwarz_grau_cmyk.pdf  used on input line 98.
(pdftex.def)             Requested size: 89.15048pt x 22.76228pt.
[61


] [62]
File: rwth_vci_bild_schwarz_grau_cmyk.pdf Graphic file (type pdf)
<use rwth_vci_bild_schwarz_grau_cmyk.pdf>
Package pdftex.def Info: rwth_vci_bild_schwarz_grau_cmyk.pdf  used on input line 98.
(pdftex.def)             Requested size: 89.15048pt x 22.76228pt.
 [63]
Overfull \hbox (10.78186pt too wide) in paragraph at lines 99--99
[]\OT1/cmr/m/it/12 Open VR\OT1/cmr/m/n/12 . Ac-cessed: 2020-08-21. \OT1/cmr/m/sc/12 url\OT1/cmr/m/n/12 : $\OT1/pcr/m/n/12 https : / / github . com / ValveSoftware /
 []

[64]
File: rwth_vci_bild_schwarz_grau_cmyk.pdf Graphic file (type pdf)
<use rwth_vci_bild_schwarz_grau_cmyk.pdf>
Package pdftex.def Info: rwth_vci_bild_schwarz_grau_cmyk.pdf  used on input line 98.
(pdftex.def)             Requested size: 89.15048pt x 22.76228pt.
 [65]
Overfull \hbox (27.44363pt too wide) in paragraph at lines 99--99
[]\OT1/cmr/m/it/12 Valve In-dex Con-troller\OT1/cmr/m/n/12 . Ac-cessed: 2020-08-21. \OT1/cmr/m/sc/12 url\OT1/cmr/m/n/12 : $\OT1/pcr/m/n/12 https : / / www . valvesoftware .
 []


Overfull \hbox (15.39633pt too wide) in paragraph at lines 99--99
\OT1/pcr/m/n/12 spiedigitallibrary . org / conference -[] proceedings -[] of -[] spie / 10576 /
 []


Overfull \hbox (9.69633pt too wide) in paragraph at lines 99--99
\OT1/pcr/m/n/12 1057612 / high -[] fidelity -[] virtual -[] reality -[] orthognathic -[] surgery -[]
 []


Overfull \hbox (20.69344pt too wide) in paragraph at lines 99--99
[]\OT1/cmr/m/it/12 Walkabout Worlds\OT1/cmr/m/n/12 . Ac-cessed: 2020-08-21. \OT1/cmr/m/sc/12 url\OT1/cmr/m/n/12 : $\OT1/pcr/m/n/12 https : / / www . walkaboutworlds .
 []

[66]
File: rwth_vci_bild_schwarz_grau_cmyk.pdf Graphic file (type pdf)
<use rwth_vci_bild_schwarz_grau_cmyk.pdf>
Package pdftex.def Info: rwth_vci_bild_schwarz_grau_cmyk.pdf  used on input line 100.
(pdftex.def)             Requested size: 89.15048pt x 22.76228pt.
 [67] [68


]
File: rwth_vci_bild_schwarz_grau_cmyk.pdf Graphic file (type pdf)
<use rwth_vci_bild_schwarz_grau_cmyk.pdf>
Package pdftex.def Info: rwth_vci_bild_schwarz_grau_cmyk.pdf  used on input line 100.
(pdftex.def)             Requested size: 89.15048pt x 22.76228pt.
 [69


] [70] (/Users/fkajzer/Projects/uni/master-thesis/latex/thesis/sections/appendix.tex
chapter A.
<appendix/PreStudy.pdf, id=314, 597.23125pt x 845.1575pt>
File: appendix/PreStudy.pdf Graphic file (type pdf)
<use appendix/PreStudy.pdf>
Package pdftex.def Info: appendix/PreStudy.pdf  used on input line 2.
(pdftex.def)             Requested size: 597.22978pt x 845.15544pt.
File: appendix/PreStudy.pdf Graphic file (type pdf)
<use appendix/PreStudy.pdf>
Package pdftex.def Info: appendix/PreStudy.pdf  used on input line 2.
(pdftex.def)             Requested size: 597.22978pt x 845.15544pt.
<appendix/PreStudy.pdf, id=317, page=1, 597.23125pt x 845.1575pt>
File: appendix/PreStudy.pdf Graphic file (type pdf)
<use appendix/PreStudy.pdf, page 1>
Package pdftex.def Info: appendix/PreStudy.pdf , page1 used on input line 2.
(pdftex.def)             Requested size: 597.22978pt x 845.15544pt.
File: appendix/PreStudy.pdf Graphic file (type pdf)
<use appendix/PreStudy.pdf, page 1>
Package pdftex.def Info: appendix/PreStudy.pdf , page1 used on input line 2.
(pdftex.def)             Requested size: 597.25711pt x 845.19412pt.
File: rwth_vci_bild_schwarz_grau_cmyk.pdf Graphic file (type pdf)
<use rwth_vci_bild_schwarz_grau_cmyk.pdf>
Package pdftex.def Info: rwth_vci_bild_schwarz_grau_cmyk.pdf  used on input line 2.
(pdftex.def)             Requested size: 89.15048pt x 22.76228pt.
[71


]
File: appendix/PreStudy.pdf Graphic file (type pdf)
<use appendix/PreStudy.pdf, page 1>
Package pdftex.def Info: appendix/PreStudy.pdf , page1 used on input line 2.
(pdftex.def)             Requested size: 597.25711pt x 845.19412pt.
File: appendix/PreStudy.pdf Graphic file (type pdf)
<use appendix/PreStudy.pdf, page 1>
Package pdftex.def Info: appendix/PreStudy.pdf , page1 used on input line 2.
(pdftex.def)             Requested size: 597.25711pt x 845.19412pt.
File: appendix/PreStudy.pdf Graphic file (type pdf)
<use appendix/PreStudy.pdf, page 1>
Package pdftex.def Info: appendix/PreStudy.pdf , page1 used on input line 2.
(pdftex.def)             Requested size: 597.25711pt x 845.19412pt.
 [72 </Users/fkajzer/Projects/uni/master-thesis/latex/thesis/appendix/PreStudy.pdf>]
<appendix/PreStudy.pdf, id=344, page=2, 597.23125pt x 845.1575pt>
File: appendix/PreStudy.pdf Graphic file (type pdf)
<use appendix/PreStudy.pdf, page 2>
Package pdftex.def Info: appendix/PreStudy.pdf , page2 used on input line 2.
(pdftex.def)             Requested size: 597.25711pt x 845.19412pt.
File: appendix/PreStudy.pdf Graphic file (type pdf)
<use appendix/PreStudy.pdf, page 2>
Package pdftex.def Info: appendix/PreStudy.pdf , page2 used on input line 2.
(pdftex.def)             Requested size: 597.25711pt x 845.19412pt.
File: appendix/PreStudy.pdf Graphic file (type pdf)
<use appendix/PreStudy.pdf, page 2>
Package pdftex.def Info: appendix/PreStudy.pdf , page2 used on input line 2.
(pdftex.def)             Requested size: 597.25711pt x 845.19412pt.
 [73 </Users/fkajzer/Projects/uni/master-thesis/latex/thesis/appendix/PreStudy.pdf>]
<appendix/questionnaire.pdf, id=349, 597.50829pt x 845.0471pt>
File: appendix/questionnaire.pdf Graphic file (type pdf)
<use appendix/questionnaire.pdf>
Package pdftex.def Info: appendix/questionnaire.pdf  used on input line 3.
(pdftex.def)             Requested size: 597.50682pt x 845.04504pt.
File: appendix/questionnaire.pdf Graphic file (type pdf)
<use appendix/questionnaire.pdf>
Package pdftex.def Info: appendix/questionnaire.pdf  used on input line 3.
(pdftex.def)             Requested size: 597.50682pt x 845.04504pt.
<appendix/questionnaire.pdf, id=352, page=1, 597.50829pt x 845.0471pt>
File: appendix/questionnaire.pdf Graphic file (type pdf)
<use appendix/questionnaire.pdf, page 1>
Package pdftex.def Info: appendix/questionnaire.pdf , page1 used on input line 3.
(pdftex.def)             Requested size: 597.50682pt x 845.04504pt.
File: appendix/questionnaire.pdf Graphic file (type pdf)
<use appendix/questionnaire.pdf, page 1>
Package pdftex.def Info: appendix/questionnaire.pdf , page1 used on input line 3.
(pdftex.def)             Requested size: 597.53416pt x 845.08372pt.
File: appendix/questionnaire.pdf Graphic file (type pdf)
<use appendix/questionnaire.pdf, page 1>
Package pdftex.def Info: appendix/questionnaire.pdf , page1 used on input line 3.
(pdftex.def)             Requested size: 597.53416pt x 845.08372pt.
File: appendix/questionnaire.pdf Graphic file (type pdf)
<use appendix/questionnaire.pdf, page 1>
Package pdftex.def Info: appendix/questionnaire.pdf , page1 used on input line 3.
(pdftex.def)             Requested size: 597.53416pt x 845.08372pt.
File: appendix/questionnaire.pdf Graphic file (type pdf)
<use appendix/questionnaire.pdf, page 1>
Package pdftex.def Info: appendix/questionnaire.pdf , page1 used on input line 3.
(pdftex.def)             Requested size: 597.53416pt x 845.08372pt.
 [74 </Users/fkajzer/Projects/uni/master-thesis/latex/thesis/appendix/questionnaire.pdf>]
<appendix/questionnaire.pdf, id=367, page=2, 597.50829pt x 845.0471pt>
File: appendix/questionnaire.pdf Graphic file (type pdf)
<use appendix/questionnaire.pdf, page 2>
Package pdftex.def Info: appendix/questionnaire.pdf , page2 used on input line 3.
(pdftex.def)             Requested size: 597.53416pt x 845.08372pt.
File: appendix/questionnaire.pdf Graphic file (type pdf)
<use appendix/questionnaire.pdf, page 2>
Package pdftex.def Info: appendix/questionnaire.pdf , page2 used on input line 3.
(pdftex.def)             Requested size: 597.53416pt x 845.08372pt.
File: appendix/questionnaire.pdf Graphic file (type pdf)
<use appendix/questionnaire.pdf, page 2>
Package pdftex.def Info: appendix/questionnaire.pdf , page2 used on input line 3.
(pdftex.def)             Requested size: 597.53416pt x 845.08372pt.
 [75 </Users/fkajzer/Projects/uni/master-thesis/latex/thesis/appendix/questionnaire.pdf>]
<appendix/questionnaire.pdf, id=376, page=3, 597.50829pt x 845.0471pt>
File: appendix/questionnaire.pdf Graphic file (type pdf)
<use appendix/questionnaire.pdf, page 3>
Package pdftex.def Info: appendix/questionnaire.pdf , page3 used on input line 3.
(pdftex.def)             Requested size: 597.53416pt x 845.08372pt.
File: appendix/questionnaire.pdf Graphic file (type pdf)
<use appendix/questionnaire.pdf, page 3>
Package pdftex.def Info: appendix/questionnaire.pdf , page3 used on input line 3.
(pdftex.def)             Requested size: 597.53416pt x 845.08372pt.
File: appendix/questionnaire.pdf Graphic file (type pdf)
<use appendix/questionnaire.pdf, page 3>
Package pdftex.def Info: appendix/questionnaire.pdf , page3 used on input line 3.
(pdftex.def)             Requested size: 597.53416pt x 845.08372pt.
 [76 </Users/fkajzer/Projects/uni/master-thesis/latex/thesis/appendix/questionnaire.pdf>]
<appendix/questionnaire.pdf, id=381, page=4, 597.50829pt x 845.0471pt>
File: appendix/questionnaire.pdf Graphic file (type pdf)
<use appendix/questionnaire.pdf, page 4>
Package pdftex.def Info: appendix/questionnaire.pdf , page4 used on input line 3.
(pdftex.def)             Requested size: 597.53416pt x 845.08372pt.
File: appendix/questionnaire.pdf Graphic file (type pdf)
<use appendix/questionnaire.pdf, page 4>
Package pdftex.def Info: appendix/questionnaire.pdf , page4 used on input line 3.
(pdftex.def)             Requested size: 597.53416pt x 845.08372pt.
File: appendix/questionnaire.pdf Graphic file (type pdf)
<use appendix/questionnaire.pdf, page 4>
Package pdftex.def Info: appendix/questionnaire.pdf , page4 used on input line 3.
(pdftex.def)             Requested size: 597.53416pt x 845.08372pt.
 [77 </Users/fkajzer/Projects/uni/master-thesis/latex/thesis/appendix/questionnaire.pdf>]
<appendix/questionnaire.pdf, id=385, page=5, 597.50829pt x 845.0471pt>
File: appendix/questionnaire.pdf Graphic file (type pdf)
<use appendix/questionnaire.pdf, page 5>
Package pdftex.def Info: appendix/questionnaire.pdf , page5 used on input line 3.
(pdftex.def)             Requested size: 597.53416pt x 845.08372pt.
File: appendix/questionnaire.pdf Graphic file (type pdf)
<use appendix/questionnaire.pdf, page 5>
Package pdftex.def Info: appendix/questionnaire.pdf , page5 used on input line 3.
(pdftex.def)             Requested size: 597.53416pt x 845.08372pt.
File: appendix/questionnaire.pdf Graphic file (type pdf)
<use appendix/questionnaire.pdf, page 5>
Package pdftex.def Info: appendix/questionnaire.pdf , page5 used on input line 3.
(pdftex.def)             Requested size: 597.53416pt x 845.08372pt.
 [78 </Users/fkajzer/Projects/uni/master-thesis/latex/thesis/appendix/questionnaire.pdf>]
chapter B.

Overfull \hbox (162.9714pt too wide) in paragraph at lines 8--16
 [][] 
 []

)
File: rwth_vci_bild_schwarz_grau_cmyk.pdf Graphic file (type pdf)
<use rwth_vci_bild_schwarz_grau_cmyk.pdf>
Package pdftex.def Info: rwth_vci_bild_schwarz_grau_cmyk.pdf  used on input line 104.
(pdftex.def)             Requested size: 89.15048pt x 22.76228pt.
 [79


] [80] (/Users/fkajzer/Projects/uni/master-thesis/latex/thesis/Thesis.aux)
Package logreq Info: Writing requests to 'Thesis.run.xml'.
\openout1 = `Thesis.run.xml'.

 ) 
Here is how much of TeX's memory you used:
 15666 strings out of 492616
 295126 string characters out of 6129481
 818828 words of memory out of 5000000
 19158 multiletter control sequences out of 15000+600000
 31840 words of font info for 80 fonts, out of 8000000 for 9000
 1141 hyphenation exceptions out of 8191
 48i,18n,68p,9141b,1431s stack positions out of 5000i,500n,10000p,200000b,80000s
{/usr/local/texlive/2019/texmf-dist/fonts/enc/dvips/base/8r.enc}</usr/local/texlive/2019/texmf-dist/fonts/type1/public/amsfonts/cm/cmbx10.pfb></usr/local/texlive/2019/texmf-dist/fonts/type1/public/amsfonts/cm/cmbx12.pfb></usr/local/texlive/2019/texmf-dist/fonts/type1/public/amsfonts/cm/cmcsc10.pfb></usr/local/texlive/2019/texmf-dist/fonts/type1/public/amsfonts/cm/cmr10.pfb></usr/local/texlive/2019/texmf-dist/fonts/type1/public/amsfonts/cm/cmr12.pfb></usr/local/texlive/2019/texmf-dist/fonts/type1/public/amsfonts/cm/cmr17.pfb></usr/local/texlive/2019/texmf-dist/fonts/type1/public/amsfonts/cm/cmr7.pfb></usr/local/texlive/2019/texmf-dist/fonts/type1/public/amsfonts/cm/cmr8.pfb></usr/local/texlive/2019/texmf-dist/fonts/type1/public/amsfonts/cm/cmti12.pfb></usr/local/texlive/2019/texmf-dist/fonts/type1/urw/courier/ucrr8a.pfb></usr/local/texlive/2019/texmf-dist/fonts/type1/urw/helvetic/uhvb8a.pfb></usr/local/texlive/2019/texmf-dist/fonts/type1/urw/helvetic/uhvr8a.pfb>
Output written on /Users/fkajzer/Projects/uni/master-thesis/latex/thesis/Thesis.pdf (86 pages, 8410054 bytes).
PDF statistics:
 436 PDF objects out of 1000 (max. 8388607)
 269 compressed objects within 3 object streams
 0 named destinations out of 1000 (max. 500000)
 226 words of extra memory for PDF output out of 10000 (max. 10000000)

