This is pdfTeX, Version 3.14159265-2.6-1.40.20 (TeX Live 2019) (preloaded format=pdflatex 2019.11.9)  31 AUG 2020 12:24
entering extended mode
 restricted \write18 enabled.
 file:line:error style messages enabled.
 %&-line parsing enabled.
**/Users/fkajzer/Projects/uni/master-thesis/latex/ssq/ssq.tex
(/Users/fkajzer/Projects/uni/master-thesis/latex/ssq/ssq.tex
LaTeX2e <2018-12-01>
(/usr/local/texlive/2019/texmf-dist/tex/latex/base/article.cls
Document Class: article 2018/09/03 v1.4i Standard LaTeX document class
(/usr/local/texlive/2019/texmf-dist/tex/latex/base/size12.clo
File: size12.clo 2018/09/03 v1.4i Standard LaTeX file (size option)
)
\c@part=\count80
\c@section=\count81
\c@subsection=\count82
\c@subsubsection=\count83
\c@paragraph=\count84
\c@subparagraph=\count85
\c@figure=\count86
\c@table=\count87
\abovecaptionskip=\skip41
\belowcaptionskip=\skip42
\bibindent=\dimen102
) (/usr/local/texlive/2019/texmf-dist/tex/latex/base/inputenc.sty
Package: inputenc 2018/08/11 v1.3c Input encoding file
\inpenc@prehook=\toks14
\inpenc@posthook=\toks15
) (/usr/local/texlive/2019/texmf-dist/tex/latex/tools/array.sty
Package: array 2018/12/30 v2.4k Tabular extension package (FMi)
\col@sep=\dimen103
\ar@mcellbox=\box27
\extrarowheight=\dimen104
\NC@list=\toks16
\extratabsurround=\skip43
\backup@length=\skip44
\ar@cellbox=\box28
) (/usr/local/texlive/2019/texmf-dist/tex/latex/amsfonts/amssymb.sty
Package: amssymb 2013/01/14 v3.01 AMS font symbols
 (/usr/local/texlive/2019/texmf-dist/tex/latex/amsfonts/amsfonts.sty
Package: amsfonts 2013/01/14 v3.01 Basic AMSFonts support
\@emptytoks=\toks17
\symAMSa=\mathgroup4
\symAMSb=\mathgroup5
LaTeX Font Info:    Overwriting math alphabet `\mathfrak' in version `bold'
(Font)                  U/euf/m/n --> U/euf/b/n on input line 106.
)) (/usr/local/texlive/2019/texmf-dist/tex/latex/tools/tabularx.sty
Package: tabularx 2016/02/03 v2.11b `tabularx' package (DPC)
\TX@col@width=\dimen105
\TX@old@table=\dimen106
\TX@old@col=\dimen107
\TX@target=\dimen108
\TX@delta=\dimen109
\TX@cols=\count88
\TX@ftn=\toks18
)
\c@rowcntr=\count89
 (/Users/fkajzer/Projects/uni/master-thesis/latex/ssq/ssq.aux)
\openout1 = `ssq.aux'.

LaTeX Font Info:    Checking defaults for OML/cmm/m/it on input line 25.
LaTeX Font Info:    ... okay on input line 25.
LaTeX Font Info:    Checking defaults for T1/cmr/m/n on input line 25.
LaTeX Font Info:    ... okay on input line 25.
LaTeX Font Info:    Checking defaults for OT1/cmr/m/n on input line 25.
LaTeX Font Info:    ... okay on input line 25.
LaTeX Font Info:    Checking defaults for OMS/cmsy/m/n on input line 25.
LaTeX Font Info:    ... okay on input line 25.
LaTeX Font Info:    Checking defaults for OMX/cmex/m/n on input line 25.
LaTeX Font Info:    ... okay on input line 25.
LaTeX Font Info:    Checking defaults for U/cmr/m/n on input line 25.
LaTeX Font Info:    ... okay on input line 25.


LaTeX Warning: No positions in optional float specifier.
               Default added (so using `tbp') on input line 26.

LaTeX Font Info:    Try loading font information for U+msa on input line 32.
(/usr/local/texlive/2019/texmf-dist/tex/latex/amsfonts/umsa.fd
File: umsa.fd 2013/01/14 v3.01 AMS symbols A
)
LaTeX Font Info:    Try loading font information for U+msb on input line 32.
 (/usr/local/texlive/2019/texmf-dist/tex/latex/amsfonts/umsb.fd
File: umsb.fd 2013/01/14 v3.01 AMS symbols B
)
Overfull \hbox (70.72519pt too wide) in paragraph at lines 33--34
 []| 
 []


Overfull \hbox (70.72519pt too wide) in paragraph at lines 34--35
 []| 
 []


Overfull \hbox (70.72519pt too wide) in paragraph at lines 35--36
 []| 
 []


Overfull \hbox (70.72519pt too wide) in paragraph at lines 36--37
 []| 
 []


Overfull \hbox (70.72519pt too wide) in paragraph at lines 37--38
 []| 
 []


Overfull \hbox (70.72519pt too wide) in paragraph at lines 38--39
 []| 
 []


Overfull \hbox (70.72519pt too wide) in paragraph at lines 39--40
 []| 
 []


Overfull \hbox (70.72519pt too wide) in paragraph at lines 40--41
 []| 
 []


Overfull \hbox (70.72519pt too wide) in paragraph at lines 41--42
 []| 
 []


Overfull \hbox (70.72519pt too wide) in paragraph at lines 42--43
 []| 
 []


Overfull \hbox (70.72519pt too wide) in paragraph at lines 43--44
 []| 
 []


Overfull \hbox (70.72519pt too wide) in paragraph at lines 44--45
 []| 
 []


Overfull \hbox (70.72519pt too wide) in paragraph at lines 45--46
 []| 
 []


Overfull \hbox (70.72519pt too wide) in paragraph at lines 46--47
 []| 
 []


Overfull \hbox (70.72519pt too wide) in paragraph at lines 47--48
 []| 
 []


Overfull \hbox (70.72519pt too wide) in paragraph at lines 48--49
 []| 
 []


Overfull \hbox (25.45631pt too wide) in paragraph at lines 31--50
 [] 
 []


LaTeX Warning: Float too large for page by 77.63214pt on input line 50.

[1{/usr/local/texlive/2019/texmf-var/fonts/map/pdftex/updmap/pdftex.map}] (/Users/fkajzer/Projects/uni/master-thesis/latex/ssq/ssq.aux) ) 
Here is how much of TeX's memory you used:
 655 strings out of 492616
 7897 string characters out of 6129481
 72673 words of memory out of 5000000
 4622 multiletter control sequences out of 15000+600000
 8592 words of font info for 33 fonts, out of 8000000 for 9000
 1141 hyphenation exceptions out of 8191
 25i,15n,27p,221b,276s stack positions out of 5000i,500n,10000p,200000b,80000s
</usr/local/texlive/2019/texmf-dist/fonts/type1/public/amsfonts/cm/cmbx12.pfb></usr/local/texlive/2019/texmf-dist/fonts/type1/public/amsfonts/cm/cmr12.pfb>
Output written on /Users/fkajzer/Projects/uni/master-thesis/latex/ssq/ssq.pdf (1 page, 28766 bytes).
PDF statistics:
 16 PDF objects out of 1000 (max. 8388607)
 10 compressed objects within 1 object stream
 0 named destinations out of 1000 (max. 500000)
 1 words of extra memory for PDF output out of 10000 (max. 10000000)

